2025-04-25 22:07:57.297 [info] [main] Log level: Info
2025-04-25 22:07:57.297 [info] [main] Validating found git in: "git"
2025-04-25 22:07:57.297 [info] [main] Using git "2.43.0" from "git"
2025-04-25 22:07:57.297 [info] [Model][doInitialScan] Initial repository scan started
2025-04-25 22:07:57.297 [info] > git rev-parse --show-toplevel [737ms]
2025-04-25 22:07:57.297 [info] > git rev-parse --git-dir --git-common-dir [891ms]
2025-04-25 22:07:57.297 [info] [Model][openRepository] Opened repository: /home/huong
2025-04-25 22:07:57.297 [info] > git rev-parse --show-toplevel [148ms]
2025-04-25 22:07:57.297 [info] > git config --get commit.template [164ms]
2025-04-25 22:07:57.766 [info] > git for-each-ref --format=%(refname)%00%(upstream:short)%00%(objectname)%00%(upstream:track)%00%(upstream:remotename)%00%(upstream:remoteref) refs/heads/main refs/remotes/main [412ms]
2025-04-25 22:07:58.048 [info] > git status -z -uall [276ms]
2025-04-25 22:07:58.048 [info] > git check-ignore -v -z --stdin [262ms]
2025-04-25 22:07:58.050 [info] > git for-each-ref --sort -committerdate --format %(refname)%00%(objectname)%00%(*objectname) [274ms]
2025-04-25 22:07:58.265 [info] > git for-each-ref --format=%(refname)%00%(upstream:short)%00%(objectname)%00%(upstream:track)%00%(upstream:remotename)%00%(upstream:remoteref) refs/heads/main refs/remotes/main [194ms]
2025-04-25 22:07:58.399 [info] > git config --get --local branch.main.vscode-merge-base [129ms]
2025-04-25 22:07:58.399 [warning] [Git][config] git config failed: Failed to execute git
2025-04-25 22:07:58.404 [info] > git config --get commit.template [167ms]
2025-04-25 22:07:58.423 [info] > git rev-parse --show-toplevel [14ms]
2025-04-25 22:07:58.432 [info] > git for-each-ref --format=%(refname)%00%(upstream:short)%00%(objectname)%00%(upstream:track)%00%(upstream:remotename)%00%(upstream:remoteref) refs/heads/main refs/remotes/main [11ms]
2025-04-25 22:07:58.451 [info] > git reflog main --grep-reflog=branch: Created from *. [47ms]
2025-04-25 22:07:58.681 [info] > git status -z -uall [244ms]
2025-04-25 22:07:58.682 [info] > git for-each-ref --sort -committerdate --format %(refname)%00%(objectname)%00%(*objectname) [231ms]
2025-04-25 22:07:58.683 [info] > git rev-parse --show-toplevel [254ms]
2025-04-25 22:07:58.740 [info] > git symbolic-ref --short refs/remotes/origin/HEAD [251ms]
2025-04-25 22:07:58.740 [info] fatal: ref refs/remotes/origin/HEAD is not a symbolic ref
2025-04-25 22:07:58.740 [warning] [Repository][getDefaultBranch] Failed to get default branch details: Failed to execute git.
2025-04-25 22:07:58.753 [info] > git for-each-ref --format=%(refname)%00%(upstream:short)%00%(objectname)%00%(upstream:track)%00%(upstream:remotename)%00%(upstream:remoteref) refs/heads/main refs/remotes/main [15ms]
2025-04-25 22:07:58.759 [info] > git rev-parse --show-toplevel [66ms]
2025-04-25 22:07:58.803 [info] > git config --get --local branch.main.vscode-merge-base [44ms]
2025-04-25 22:07:58.803 [warning] [Git][config] git config failed: Failed to execute git
2025-04-25 22:07:58.811 [info] > git rev-parse --show-toplevel [38ms]
2025-04-25 22:07:58.812 [info] > git reflog main --grep-reflog=branch: Created from *. [5ms]
2025-04-25 22:07:58.840 [info] > git symbolic-ref --short refs/remotes/origin/HEAD [23ms]
2025-04-25 22:07:58.840 [info] fatal: ref refs/remotes/origin/HEAD is not a symbolic ref
2025-04-25 22:07:58.840 [warning] [Repository][getDefaultBranch] Failed to get default branch details: Failed to execute git.
2025-04-25 22:07:58.927 [info] > git rev-parse --show-toplevel [89ms]
2025-04-25 22:07:58.983 [info] > git diff --name-status -z --diff-filter=ADMR 1745565960250 [13ms]
2025-04-25 22:07:58.983 [info] fatal: ambiguous argument '1745565960250': unknown revision or path not in the working tree.
Use '--' to separate paths from revisions, like this:
'git <command> [<revision>...] -- [<file>...]'
2025-04-25 22:07:59.009 [info] > git rev-parse --show-toplevel [28ms]
2025-04-25 22:07:59.126 [info] > git rev-parse --show-toplevel [106ms]
2025-04-25 22:07:59.142 [info] > git rev-parse --show-toplevel [11ms]
2025-04-25 22:07:59.155 [info] > git rev-parse --show-toplevel [6ms]
2025-04-25 22:07:59.163 [info] > git rev-parse --show-toplevel [2ms]
2025-04-25 22:07:59.170 [info] > git rev-parse --show-toplevel [2ms]
2025-04-25 22:07:59.178 [info] > git rev-parse --show-toplevel [3ms]
2025-04-25 22:07:59.180 [info] [Model][doInitialScan] Initial repository scan completed - repositories (1), closed repositories (0), parent repositories (0), unsafe repositories (0)
2025-04-25 22:07:59.197 [info] > git ls-files --stage -- nhakhoaso/app.py [9ms]
2025-04-25 22:07:59.200 [info] > git show --textconv :nhakhoaso/app.py [16ms]
2025-04-25 22:07:59.202 [info] > git cat-file -s da9bae0dc88c7badc3d3ffa36eddcd573fb2e37e [2ms]
2025-04-25 22:41:56.205 [info] > git show --textconv :qtcsdl/app.py [101ms]
2025-04-25 22:41:56.248 [info] > git ls-files --stage -- qtcsdl/app.py [95ms]
2025-04-25 22:41:56.274 [info] > git check-ignore -v -z --stdin [31ms]
2025-04-25 22:41:56.275 [info] > git cat-file -s 31b26c3e84eac42b21b0b35b9493b674cd4e8c7e [16ms]
2025-04-25 22:41:57.038 [info] > git show --textconv :qtcsdl/templates/chi-tiet-lop-hoc.html [51ms]
2025-04-25 22:41:57.070 [info] > git ls-files --stage -- qtcsdl/templates/chi-tiet-lop-hoc.html [59ms]
2025-04-25 22:41:57.091 [info] > git hash-object -t tree /dev/null [25ms]
2025-04-25 22:41:57.103 [warning] [GitFileSystemProvider][readFile] File not found - git:/home/huong/qtcsdl/templates/chi-tiet-lop-hoc.html.git?%7B%22path%22%3A%22%2Fhome%2Fhuong%2Fqtcsdl%2Ftemplates%2Fchi-tiet-lop-hoc.html%22%2C%22ref%22%3A%22%22%7D
2025-04-25 22:41:57.108 [info] > git hash-object -t tree /dev/null [21ms]
2025-04-25 22:41:57.108 [warning] [GitFileSystemProvider][stat] File not found - git:/home/huong/qtcsdl/templates/chi-tiet-lop-hoc.html.git?%7B%22path%22%3A%22%2Fhome%2Fhuong%2Fqtcsdl%2Ftemplates%2Fchi-tiet-lop-hoc.html%22%2C%22ref%22%3A%22%22%7D
2025-04-25 22:41:57.517 [info] > git check-ignore -v -z --stdin [72ms]
2025-04-25 22:41:57.656 [info] > git show --textconv :qtcsdl/templates/them-moi-lop-hoc.html [70ms]
2025-04-25 22:41:57.658 [info] > git ls-files --stage -- qtcsdl/templates/them-moi-lop-hoc.html [48ms]
2025-04-25 22:41:57.701 [info] > git cat-file -s 55c408349f52d51eb1b8f758b5bd0239e78508db [14ms]
2025-04-25 22:41:58.762 [info] > git check-ignore -v -z --stdin [345ms]
2025-04-25 22:41:58.762 [info] > git show --textconv :qtcsdl/help.py [45ms]
2025-04-25 22:41:58.776 [info] > git ls-files --stage -- qtcsdl/help.py [44ms]
2025-04-25 22:41:58.920 [info] > git cat-file -s e6568bc8ffa761df6974670fd9509c9f06976c4b [130ms]
2025-04-25 22:41:59.002 [info] > git show --textconv :qtcsdl/templates/sua-lop-hoc.html [141ms]
2025-04-25 22:41:59.015 [info] > git ls-files --stage -- qtcsdl/templates/sua-lop-hoc.html [95ms]
2025-04-25 22:41:59.137 [info] > git cat-file -s 65c6b66a4aea3f2392732082ccc97f15d7a871c2 [105ms]
2025-04-25 22:41:59.292 [info] > git show --textconv :qtcsdl/templates/tim-kiem-lop-hoc.html [84ms]
2025-04-25 22:41:59.395 [info] > git ls-files --stage -- qtcsdl/templates/tim-kiem-lop-hoc.html [118ms]
2025-04-25 22:41:59.416 [info] > git cat-file -s e658371f3ec174c59228f5a7afc53b889f2f7a9e [14ms]
2025-04-25 22:41:59.570 [info] > git check-ignore -v -z --stdin [39ms]
2025-04-25 22:53:24.861 [info] > git show --textconv :qtcsdl/app.py [57ms]
2025-04-25 22:53:24.874 [info] > git ls-files --stage -- qtcsdl/app.py [41ms]
2025-04-25 22:53:24.906 [info] > git cat-file -s 31b26c3e84eac42b21b0b35b9493b674cd4e8c7e [14ms]
2025-04-25 22:53:25.274 [info] > git blame --root --incremental 7b3b9bf08ad9cf882f5626b0eb6abeff7b723c98 -- qtcsdl/app.py [5ms]
2025-04-25 22:53:25.659 [info] > git show --textconv :qtcsdl/templates/them-moi-lop-hoc.html [25ms]
2025-04-25 22:53:25.659 [info] > git ls-files --stage -- qtcsdl/templates/them-moi-lop-hoc.html [9ms]
2025-04-25 22:53:25.694 [info] > git cat-file -s 55c408349f52d51eb1b8f758b5bd0239e78508db [18ms]
2025-04-25 22:53:25.797 [info] > git show --textconv :qtcsdl/help.py [35ms]
2025-04-25 22:53:25.811 [info] > git ls-files --stage -- qtcsdl/help.py [29ms]
2025-04-25 22:53:25.845 [info] > git cat-file -s e6568bc8ffa761df6974670fd9509c9f06976c4b [16ms]
2025-04-25 22:53:25.918 [info] > git blame --root --incremental 7b3b9bf08ad9cf882f5626b0eb6abeff7b723c98 -- qtcsdl/help.py [10ms]
2025-04-25 23:02:18.783 [info] > git show --textconv :qtcsdl/app.py [103ms]
2025-04-25 23:02:18.950 [info] > git ls-files --stage -- qtcsdl/app.py [204ms]
2025-04-25 23:02:19.073 [info] > git cat-file -s 31b26c3e84eac42b21b0b35b9493b674cd4e8c7e [1ms]
2025-04-25 23:02:20.815 [info] > git show --textconv :qtcsdl/help.py [77ms]
2025-04-25 23:02:20.831 [info] > git ls-files --stage -- qtcsdl/help.py [63ms]
2025-04-25 23:02:20.880 [info] > git cat-file -s e6568bc8ffa761df6974670fd9509c9f06976c4b [14ms]
2025-04-25 23:06:15.687 [info] > git show --textconv :qtcsdl/app.py [67ms]
2025-04-25 23:06:15.705 [info] > git ls-files --stage -- qtcsdl/app.py [48ms]
2025-04-25 23:06:15.754 [info] > git cat-file -s 31b26c3e84eac42b21b0b35b9493b674cd4e8c7e [14ms]
2025-04-25 23:06:16.345 [info] > git show --textconv :qtcsdl/help.py [37ms]
2025-04-25 23:06:16.346 [info] > git ls-files --stage -- qtcsdl/help.py [21ms]
2025-04-25 23:06:16.403 [info] > git cat-file -s e6568bc8ffa761df6974670fd9509c9f06976c4b [16ms]
2025-04-25 23:06:16.577 [info] > git show --textconv :qtcsdl/templates/them-moi-lop-hoc.html [31ms]
2025-04-25 23:06:16.591 [info] > git ls-files --stage -- qtcsdl/templates/them-moi-lop-hoc.html [16ms]
2025-04-25 23:06:16.608 [info] > git cat-file -s 55c408349f52d51eb1b8f758b5bd0239e78508db [9ms]
2025-04-25 23:28:17.220 [info] > git ls-files --stage -- nhakhoaso/templates/layout.html [10ms]
2025-04-25 23:28:17.247 [info] > git show --textconv :nhakhoaso/templates/layout.html [44ms]
2025-04-25 23:28:17.248 [info] > git cat-file -s 39b017d98b7ed03f49693a29388e80ceefedd059 [13ms]
2025-04-25 23:28:17.686 [info] > git show --textconv :nhakhoaso/static/style.css [45ms]
2025-04-25 23:28:17.700 [info] > git ls-files --stage -- nhakhoaso/static/style.css [18ms]
2025-04-25 23:28:17.744 [info] > git cat-file -s 46aa7e5f526949853325aa6c09cc5c3df73fce9f [28ms]
2025-04-25 23:28:18.092 [info] > git check-ignore -v -z --stdin [39ms]
2025-04-25 23:29:16.620 [info] > git check-ignore -v -z --stdin [17ms]
2025-04-25 23:29:24.982 [info] > git check-ignore -v -z --stdin [23ms]
2025-04-25 23:29:26.775 [info] > git check-ignore -v -z --stdin [6ms]
2025-04-25 23:29:31.892 [info] > git check-ignore -v -z --stdin [9ms]
2025-04-25 23:29:33.543 [info] > git check-ignore -v -z --stdin [15ms]
2025-04-25 23:29:39.733 [info] > git check-ignore -v -z --stdin [21ms]
2025-04-25 23:36:33.177 [info] > git ls-files --stage -- nhakhoaso/database/bao_cao.py [38ms]
2025-04-25 23:36:33.200 [info] > git cat-file -s 15170ec6a1eb3e573f19d5f89dea1e58645a26f1 [2ms]
2025-04-25 23:36:33.211 [info] > git show --textconv :nhakhoaso/database/bao_cao.py [88ms]
2025-04-25 23:36:33.474 [info] > git check-ignore -v -z --stdin [46ms]
2025-04-25 23:36:33.589 [info] > git ls-files --stage -- nhakhoaso/app.py [28ms]
2025-04-25 23:36:33.602 [info] > git show --textconv :nhakhoaso/app.py [48ms]
2025-04-25 23:36:33.622 [info] > git cat-file -s da9bae0dc88c7badc3d3ffa36eddcd573fb2e37e [20ms]
2025-04-25 23:36:34.192 [info] > git show --textconv :nhakhoaso/templates/bao_cao_luot_kham.html [66ms]
2025-04-25 23:36:34.271 [info] > git ls-files --stage -- nhakhoaso/templates/bao_cao_luot_kham.html [81ms]
2025-04-25 23:36:34.293 [info] > git cat-file -s 27d57151d53971be7f3604996ccfe1a68b690e9b [15ms]
2025-04-25 23:54:04.664 [info] > git show --textconv :nhakhoaso/app.py [18ms]
2025-04-25 23:54:04.674 [info] > git ls-files --stage -- nhakhoaso/app.py [16ms]
2025-04-25 23:54:04.690 [info] > git cat-file -s da9bae0dc88c7badc3d3ffa36eddcd573fb2e37e [6ms]
2025-04-25 23:54:06.088 [info] > git show --textconv :nhakhoaso/templates/bao_cao_luong_dich_vu.html [52ms]
2025-04-25 23:54:06.089 [warning] [GitFileSystemProvider][readFile] File not found - git:/home/huong/nhakhoaso/templates/bao_cao_luong_dich_vu.html.git?%7B%22path%22%3A%22%2Fhome%2Fhuong%2Fnhakhoaso%2Ftemplates%2Fbao_cao_luong_dich_vu.html%22%2C%22ref%22%3A%22%22%7D
2025-04-25 23:54:06.093 [info] > git ls-files --stage -- nhakhoaso/templates/bao_cao_luong_dich_vu.html [41ms]
2025-04-25 23:54:06.094 [warning] [GitFileSystemProvider][stat] File not found - git:/home/huong/nhakhoaso/templates/bao_cao_luong_dich_vu.html.git?%7B%22path%22%3A%22%2Fhome%2Fhuong%2Fnhakhoaso%2Ftemplates%2Fbao_cao_luong_dich_vu.html%22%2C%22ref%22%3A%22%22%7D
2025-04-25 23:54:06.435 [info] > git check-ignore -v -z --stdin [17ms]
2025-04-25 23:59:11.956 [info] > git show --textconv :nhakhoaso/database/bao_cao.py [62ms]
2025-04-25 23:59:11.984 [info] > git ls-files --stage -- nhakhoaso/database/bao_cao.py [19ms]
2025-04-25 23:59:12.009 [info] > git cat-file -s 15170ec6a1eb3e573f19d5f89dea1e58645a26f1 [6ms]
2025-04-25 23:59:12.639 [info] > git show --textconv :nhakhoaso/app.py [35ms]
2025-04-25 23:59:12.676 [info] > git ls-files --stage -- nhakhoaso/app.py [47ms]
2025-04-25 23:59:12.697 [info] > git cat-file -s da9bae0dc88c7badc3d3ffa36eddcd573fb2e37e [12ms]
2025-04-26 00:05:13.811 [info] > git show --textconv :nhakhoaso/templates/bao_cao_dich_vu.html [46ms]
2025-04-26 00:05:13.823 [warning] [GitFileSystemProvider][readFile] File not found - git:/home/huong/nhakhoaso/templates/bao_cao_dich_vu.html.git?%7B%22path%22%3A%22%2Fhome%2Fhuong%2Fnhakhoaso%2Ftemplates%2Fbao_cao_dich_vu.html%22%2C%22ref%22%3A%22%22%7D
2025-04-26 00:05:13.825 [info] > git ls-files --stage -- nhakhoaso/templates/bao_cao_dich_vu.html [19ms]
2025-04-26 00:05:13.833 [warning] [GitFileSystemProvider][stat] File not found - git:/home/huong/nhakhoaso/templates/bao_cao_dich_vu.html.git?%7B%22path%22%3A%22%2Fhome%2Fhuong%2Fnhakhoaso%2Ftemplates%2Fbao_cao_dich_vu.html%22%2C%22ref%22%3A%22%22%7D
2025-04-26 00:05:14.144 [info] > git check-ignore -v -z --stdin [18ms]
2025-04-26 00:05:14.278 [info] > git show --textconv :nhakhoaso/database/bao_cao.py [44ms]
2025-04-26 00:05:14.334 [info] > git ls-files --stage -- nhakhoaso/database/bao_cao.py [59ms]
2025-04-26 00:05:14.397 [info] > git cat-file -s 15170ec6a1eb3e573f19d5f89dea1e58645a26f1 [19ms]
2025-04-26 00:09:18.730 [info] > git show --textconv :nhakhoaso/templates/bao_cao_dich_vu.html [128ms]
2025-04-26 00:09:18.731 [warning] [GitFileSystemProvider][readFile] File not found - git:/home/huong/nhakhoaso/templates/bao_cao_dich_vu.html.git?%7B%22path%22%3A%22%2Fhome%2Fhuong%2Fnhakhoaso%2Ftemplates%2Fbao_cao_dich_vu.html%22%2C%22ref%22%3A%22%22%7D
2025-04-26 00:09:18.766 [info] > git ls-files --stage -- nhakhoaso/templates/bao_cao_dich_vu.html [139ms]
2025-04-26 00:09:18.767 [warning] [GitFileSystemProvider][stat] File not found - git:/home/huong/nhakhoaso/templates/bao_cao_dich_vu.html.git?%7B%22path%22%3A%22%2Fhome%2Fhuong%2Fnhakhoaso%2Ftemplates%2Fbao_cao_dich_vu.html%22%2C%22ref%22%3A%22%22%7D
2025-04-26 00:09:31.420 [info] > git show --textconv :nhakhoaso/app.py [11ms]
2025-04-26 00:09:31.431 [info] > git ls-files --stage -- nhakhoaso/app.py [12ms]
2025-04-26 00:09:31.457 [info] > git cat-file -s da9bae0dc88c7badc3d3ffa36eddcd573fb2e37e [13ms]
2025-04-26 00:13:18.986 [info] > git show --textconv :nhakhoaso/templates/bao_cao_dich_vu.html [41ms]
2025-04-26 00:13:18.986 [warning] [GitFileSystemProvider][readFile] File not found - git:/home/huong/nhakhoaso/templates/bao_cao_dich_vu.html.git?%7B%22path%22%3A%22%2Fhome%2Fhuong%2Fnhakhoaso%2Ftemplates%2Fbao_cao_dich_vu.html%22%2C%22ref%22%3A%22%22%7D
2025-04-26 00:13:19.001 [info] > git ls-files --stage -- nhakhoaso/templates/bao_cao_dich_vu.html [28ms]
2025-04-26 00:13:19.002 [warning] [GitFileSystemProvider][stat] File not found - git:/home/huong/nhakhoaso/templates/bao_cao_dich_vu.html.git?%7B%22path%22%3A%22%2Fhome%2Fhuong%2Fnhakhoaso%2Ftemplates%2Fbao_cao_dich_vu.html%22%2C%22ref%22%3A%22%22%7D
2025-04-26 00:13:19.534 [info] > git show --textconv :nhakhoaso/database/bao_cao.py [57ms]
2025-04-26 00:13:19.565 [info] > git ls-files --stage -- nhakhoaso/database/bao_cao.py [32ms]
2025-04-26 00:13:19.705 [info] > git cat-file -s 15170ec6a1eb3e573f19d5f89dea1e58645a26f1 [96ms]
2025-04-26 00:32:27.964 [info] > git show --textconv :nhakhoaso/templates/bao_cao_dich_vu.html [120ms]
2025-04-26 00:32:27.994 [warning] [GitFileSystemProvider][readFile] File not found - git:/home/huong/nhakhoaso/templates/bao_cao_dich_vu.html.git?%7B%22path%22%3A%22%2Fhome%2Fhuong%2Fnhakhoaso%2Ftemplates%2Fbao_cao_dich_vu.html%22%2C%22ref%22%3A%22%22%7D
2025-04-26 00:32:28.008 [info] > git ls-files --stage -- nhakhoaso/templates/bao_cao_dich_vu.html [59ms]
2025-04-26 00:32:28.021 [warning] [GitFileSystemProvider][stat] File not found - git:/home/huong/nhakhoaso/templates/bao_cao_dich_vu.html.git?%7B%22path%22%3A%22%2Fhome%2Fhuong%2Fnhakhoaso%2Ftemplates%2Fbao_cao_dich_vu.html%22%2C%22ref%22%3A%22%22%7D
2025-04-26 00:36:52.454 [info] > git config --get commit.template [355ms]
2025-04-26 00:36:58.914 [info] > git for-each-ref --format=%(refname)%00%(upstream:short)%00%(objectname)%00%(upstream:track)%00%(upstream:remotename)%00%(upstream:remoteref) refs/heads/main refs/remotes/main [421ms]
2025-04-26 00:36:59.113 [info] > git for-each-ref --sort -committerdate --format %(refname)%00%(objectname)%00%(*objectname) [93ms]
2025-04-26 00:37:02.053 [info] > git status -z -uall [3114ms]
2025-04-26 00:37:17.316 [info] > git diff --name-status -z --diff-filter=ADMR @{upstream} [2659ms]
2025-04-26 00:37:17.316 [info] fatal: no upstream configured for branch 'main'
2025-04-26 00:38:24.318 [info] > git check-ignore -v -z --stdin [19ms]
2025-04-26 00:44:21.286 [info] > git ls-files --stage -- nhakhoaso/database/bao_cao.py [80ms]
2025-04-26 00:44:21.446 [info] > git show --textconv :nhakhoaso/database/bao_cao.py [422ms]
2025-04-26 00:44:21.448 [info] > git cat-file -s 15170ec6a1eb3e573f19d5f89dea1e58645a26f1 [13ms]
2025-04-26 00:49:13.281 [info] > git show --textconv :nhakhoaso/database/bao_cao.py [87ms]
2025-04-26 00:49:13.311 [info] > git ls-files --stage -- nhakhoaso/database/bao_cao.py [44ms]
2025-04-26 00:49:13.398 [info] > git cat-file -s 15170ec6a1eb3e573f19d5f89dea1e58645a26f1 [43ms]
2025-04-26 00:49:14.343 [info] > git show --textconv :nhakhoaso/app.py [72ms]
2025-04-26 00:49:14.370 [info] > git ls-files --stage -- nhakhoaso/app.py [43ms]
2025-04-26 00:49:14.422 [info] > git cat-file -s da9bae0dc88c7badc3d3ffa36eddcd573fb2e37e [11ms]
2025-04-26 00:49:26.182 [info] > git show --textconv :nhakhoaso/app.py [61ms]
2025-04-26 00:49:26.196 [info] > git ls-files --stage -- nhakhoaso/app.py [56ms]
2025-04-26 00:49:26.273 [info] > git cat-file -s da9bae0dc88c7badc3d3ffa36eddcd573fb2e37e [21ms]
2025-04-26 00:54:36.646 [info] > git show --textconv :nhakhoaso/app.py [46ms]
2025-04-26 00:54:36.719 [info] > git ls-files --stage -- nhakhoaso/app.py [81ms]
2025-04-26 00:54:36.770 [info] > git cat-file -s da9bae0dc88c7badc3d3ffa36eddcd573fb2e37e [13ms]
2025-04-26 01:19:26.864 [info] > git check-ignore -v -z --stdin [14ms]
2025-04-26 01:19:49.894 [info] > git show --textconv :nhakhoaso/templates/sidebar.html [35ms]
2025-04-26 01:19:49.911 [info] > git ls-files --stage -- nhakhoaso/templates/sidebar.html [32ms]
2025-04-26 01:19:49.954 [info] > git cat-file -s fc0ce8a2269af27f132fa2af8eb18adbb853bd0a [13ms]
2025-04-26 01:22:50.755 [info] > git check-ignore -v -z --stdin [15ms]
2025-04-26 01:22:57.514 [info] > git check-ignore -v -z --stdin [69ms]
2025-04-26 01:23:01.912 [info] > git check-ignore -v -z --stdin [1077ms]
2025-04-26 01:23:02.559 [info] > git check-ignore -v -z --stdin [71ms]
2025-04-26 01:23:23.229 [info] > git log --format=%H%n%aN%n%aE%n%at%n%ct%n%P%n%D%n%B -z --shortstat --diff-merges=first-parent -n50 --skip=0 --topo-order --decorate=full --stdin [26459ms]
2025-04-26 01:26:56.200 [info] > git show --textconv :nhakhoaso/templates/index.html [38ms]
2025-04-26 01:26:56.279 [info] > git ls-files --stage -- nhakhoaso/templates/index.html [82ms]
2025-04-26 01:26:56.342 [info] > git cat-file -s 5fe04e00fbebbfc86100c36294ea000b4d81def9 [29ms]
2025-04-26 01:26:56.506 [info] > git blame --root --incremental 7b3b9bf08ad9cf882f5626b0eb6abeff7b723c98 -- nhakhoaso/templates/index.html [8ms]
2025-04-26 01:39:29.802 [info] > git show --textconv :nhakhoaso/app.py [223ms]
2025-04-26 01:39:30.104 [info] > git ls-files --stage -- nhakhoaso/app.py [400ms]
2025-04-26 01:39:30.508 [info] > git show --textconv :nhakhoaso/templates/sidebar.html [89ms]
2025-04-26 01:39:30.509 [info] > git cat-file -s da9bae0dc88c7badc3d3ffa36eddcd573fb2e37e [335ms]
2025-04-26 01:39:30.707 [info] > git ls-files --stage -- nhakhoaso/templates/sidebar.html [213ms]
2025-04-26 01:39:31.143 [info] > git cat-file -s fc0ce8a2269af27f132fa2af8eb18adbb853bd0a [358ms]
2025-04-26 01:39:32.113 [info] > git show --textconv :nhakhoaso/templates/index.html [839ms]
2025-04-26 01:39:32.114 [info] > git ls-files --stage -- nhakhoaso/templates/index.html [740ms]
2025-04-26 01:39:32.257 [info] > git cat-file -s 5fe04e00fbebbfc86100c36294ea000b4d81def9 [114ms]
2025-04-26 01:39:32.288 [info] > git show --textconv :nhakhoaso/database/bao_cao.py [51ms]
2025-04-26 01:39:32.289 [info] > git ls-files --stage -- nhakhoaso/database/bao_cao.py [33ms]
2025-04-26 01:39:32.417 [info] > git cat-file -s 15170ec6a1eb3e573f19d5f89dea1e58645a26f1 [83ms]
2025-04-26 01:39:34.152 [info] > git show --textconv :nhakhoaso/templates/bao_cao_dich_vu_theo_thang.html [281ms]
2025-04-26 01:39:34.153 [info] > git check-ignore -v -z --stdin [166ms]
2025-04-26 01:39:34.154 [warning] [GitFileSystemProvider][readFile] File not found - git:/home/huong/nhakhoaso/templates/bao_cao_dich_vu_theo_thang.html.git?%7B%22path%22%3A%22%2Fhome%2Fhuong%2Fnhakhoaso%2Ftemplates%2Fbao_cao_dich_vu_theo_thang.html%22%2C%22ref%22%3A%22%22%7D
2025-04-26 01:39:35.368 [info] > git ls-files --stage -- nhakhoaso/templates/bao_cao_dich_vu_theo_thang.html [1454ms]
2025-04-26 01:39:35.370 [warning] [GitFileSystemProvider][stat] File not found - git:/home/huong/nhakhoaso/templates/bao_cao_dich_vu_theo_thang.html.git?%7B%22path%22%3A%22%2Fhome%2Fhuong%2Fnhakhoaso%2Ftemplates%2Fbao_cao_dich_vu_theo_thang.html%22%2C%22ref%22%3A%22%22%7D
2025-04-26 01:39:35.876 [info] > git show --textconv :nhakhoaso/templates/bao_cao.html [235ms]
2025-04-26 01:39:35.900 [info] > git ls-files --stage -- nhakhoaso/templates/bao_cao.html [109ms]
2025-04-26 01:39:35.983 [info] > git cat-file -s 5fa58101b4482da7e38fdb1176a0f0994ff6a35d [20ms]
2025-04-26 01:39:36.592 [info] > git show --textconv :nhakhoaso/templates/bao_cao_dich_vu_theo_bac_si.html [37ms]
2025-04-26 01:39:36.593 [warning] [GitFileSystemProvider][readFile] File not found - git:/home/huong/nhakhoaso/templates/bao_cao_dich_vu_theo_bac_si.html.git?%7B%22path%22%3A%22%2Fhome%2Fhuong%2Fnhakhoaso%2Ftemplates%2Fbao_cao_dich_vu_theo_bac_si.html%22%2C%22ref%22%3A%22%22%7D
2025-04-26 01:39:36.607 [info] > git ls-files --stage -- nhakhoaso/templates/bao_cao_dich_vu_theo_bac_si.html [32ms]
2025-04-26 01:39:36.607 [warning] [GitFileSystemProvider][stat] File not found - git:/home/huong/nhakhoaso/templates/bao_cao_dich_vu_theo_bac_si.html.git?%7B%22path%22%3A%22%2Fhome%2Fhuong%2Fnhakhoaso%2Ftemplates%2Fbao_cao_dich_vu_theo_bac_si.html%22%2C%22ref%22%3A%22%22%7D
2025-04-26 01:39:36.991 [info] > git check-ignore -v -z --stdin [31ms]
2025-04-26 01:39:44.608 [info] > git ls-files --stage -- nhakhoaso/database/bao_cao.py [9ms]
2025-04-26 01:39:44.624 [info] > git show --textconv :nhakhoaso/database/bao_cao.py [48ms]
2025-04-26 01:39:44.626 [info] > git cat-file -s 15170ec6a1eb3e573f19d5f89dea1e58645a26f1 [3ms]
2025-04-26 01:46:17.079 [info] > git show --textconv :nhakhoaso/templates/bao_cao_dich_vu_theo_thang.html [98ms]
2025-04-26 01:46:17.108 [warning] [GitFileSystemProvider][readFile] File not found - git:/home/huong/nhakhoaso/templates/bao_cao_dich_vu_theo_thang.html.git?%7B%22path%22%3A%22%2Fhome%2Fhuong%2Fnhakhoaso%2Ftemplates%2Fbao_cao_dich_vu_theo_thang.html%22%2C%22ref%22%3A%22%22%7D
2025-04-26 01:46:17.154 [info] > git ls-files --stage -- nhakhoaso/templates/bao_cao_dich_vu_theo_thang.html [93ms]
2025-04-26 01:46:17.155 [warning] [GitFileSystemProvider][stat] File not found - git:/home/huong/nhakhoaso/templates/bao_cao_dich_vu_theo_thang.html.git?%7B%22path%22%3A%22%2Fhome%2Fhuong%2Fnhakhoaso%2Ftemplates%2Fbao_cao_dich_vu_theo_thang.html%22%2C%22ref%22%3A%22%22%7D
2025-04-26 01:46:18.144 [info] > git show --textconv :nhakhoaso/templates/layout.html [20ms]
2025-04-26 01:46:18.156 [info] > git ls-files --stage -- nhakhoaso/templates/layout.html [14ms]
2025-04-26 01:46:18.177 [info] > git cat-file -s 39b017d98b7ed03f49693a29388e80ceefedd059 [5ms]
2025-04-26 01:46:18.690 [info] > git ls-files --stage -- nhakhoaso/static/report_style.css [42ms]
2025-04-26 01:46:18.690 [warning] [GitFileSystemProvider][stat] File not found - git:/home/huong/nhakhoaso/static/report_style.css.git?%7B%22path%22%3A%22%2Fhome%2Fhuong%2Fnhakhoaso%2Fstatic%2Freport_style.css%22%2C%22ref%22%3A%22%22%7D
2025-04-26 01:46:18.692 [info] > git show --textconv :nhakhoaso/static/report_style.css [59ms]
2025-04-26 01:46:18.692 [warning] [GitFileSystemProvider][readFile] File not found - git:/home/huong/nhakhoaso/static/report_style.css.git?%7B%22path%22%3A%22%2Fhome%2Fhuong%2Fnhakhoaso%2Fstatic%2Freport_style.css%22%2C%22ref%22%3A%22%22%7D
2025-04-26 01:46:19.038 [info] > git check-ignore -v -z --stdin [17ms]
2025-04-26 01:46:19.161 [info] > git ls-files --stage -- nhakhoaso/templates/bao_cao_dich_vu_theo_bac_si.html [15ms]
2025-04-26 01:46:19.162 [warning] [GitFileSystemProvider][stat] File not found - git:/home/huong/nhakhoaso/templates/bao_cao_dich_vu_theo_bac_si.html.git?%7B%22path%22%3A%22%2Fhome%2Fhuong%2Fnhakhoaso%2Ftemplates%2Fbao_cao_dich_vu_theo_bac_si.html%22%2C%22ref%22%3A%22%22%7D
2025-04-26 01:46:19.170 [info] > git show --textconv :nhakhoaso/templates/bao_cao_dich_vu_theo_bac_si.html [40ms]
2025-04-26 01:46:19.170 [warning] [GitFileSystemProvider][readFile] File not found - git:/home/huong/nhakhoaso/templates/bao_cao_dich_vu_theo_bac_si.html.git?%7B%22path%22%3A%22%2Fhome%2Fhuong%2Fnhakhoaso%2Ftemplates%2Fbao_cao_dich_vu_theo_bac_si.html%22%2C%22ref%22%3A%22%22%7D
2025-04-26 01:52:01.834 [info] > git show --textconv :nhakhoaso/database/bao_cao.py [51ms]
2025-04-26 01:52:01.890 [info] > git ls-files --stage -- nhakhoaso/database/bao_cao.py [61ms]
2025-04-26 01:52:01.934 [info] > git cat-file -s 15170ec6a1eb3e573f19d5f89dea1e58645a26f1 [23ms]
2025-04-26 01:52:02.499 [info] > git show --textconv :nhakhoaso/templates/sidebar.html [36ms]
2025-04-26 01:52:02.528 [info] > git ls-files --stage -- nhakhoaso/templates/sidebar.html [31ms]
2025-04-26 01:52:02.563 [info] > git cat-file -s fc0ce8a2269af27f132fa2af8eb18adbb853bd0a [13ms]
2025-04-26 01:52:03.127 [info] > git show --textconv :nhakhoaso/templates/bao_cao_lich_hen.html [76ms]
2025-04-26 01:52:03.130 [info] > git ls-files --stage -- nhakhoaso/templates/bao_cao_lich_hen.html [33ms]
2025-04-26 01:52:03.142 [warning] [GitFileSystemProvider][stat] File not found - git:/home/huong/nhakhoaso/templates/bao_cao_lich_hen.html.git?%7B%22path%22%3A%22%2Fhome%2Fhuong%2Fnhakhoaso%2Ftemplates%2Fbao_cao_lich_hen.html%22%2C%22ref%22%3A%22%22%7D
2025-04-26 01:52:03.144 [warning] [GitFileSystemProvider][readFile] File not found - git:/home/huong/nhakhoaso/templates/bao_cao_lich_hen.html.git?%7B%22path%22%3A%22%2Fhome%2Fhuong%2Fnhakhoaso%2Ftemplates%2Fbao_cao_lich_hen.html%22%2C%22ref%22%3A%22%22%7D
2025-04-26 01:52:03.406 [info] > git check-ignore -v -z --stdin [31ms]
2025-04-26 01:52:04.171 [info] > git show --textconv :nhakhoaso/app.py [451ms]
2025-04-26 01:52:04.174 [info] > git ls-files --stage -- nhakhoaso/app.py [364ms]
2025-04-26 01:52:04.212 [info] > git cat-file -s da9bae0dc88c7badc3d3ffa36eddcd573fb2e37e [6ms]
2025-04-26 02:03:01.546 [info] > git show --textconv :nhakhoaso/database/bao_cao.py [132ms]
2025-04-26 02:03:01.602 [info] > git ls-files --stage -- nhakhoaso/database/bao_cao.py [83ms]
2025-04-26 02:03:01.676 [info] > git cat-file -s 15170ec6a1eb3e573f19d5f89dea1e58645a26f1 [15ms]
2025-04-26 02:03:05.315 [info] > git show --textconv :nhakhoaso/templates/bao_cao_lich_hen.html [2208ms]
2025-04-26 02:03:05.317 [info] > git ls-files --stage -- nhakhoaso/templates/bao_cao_lich_hen.html [2052ms]
2025-04-26 02:03:05.318 [warning] [GitFileSystemProvider][stat] File not found - git:/home/huong/nhakhoaso/templates/bao_cao_lich_hen.html.git?%7B%22path%22%3A%22%2Fhome%2Fhuong%2Fnhakhoaso%2Ftemplates%2Fbao_cao_lich_hen.html%22%2C%22ref%22%3A%22%22%7D
2025-04-26 02:03:05.320 [warning] [GitFileSystemProvider][readFile] File not found - git:/home/huong/nhakhoaso/templates/bao_cao_lich_hen.html.git?%7B%22path%22%3A%22%2Fhome%2Fhuong%2Fnhakhoaso%2Ftemplates%2Fbao_cao_lich_hen.html%22%2C%22ref%22%3A%22%22%7D
2025-04-26 02:09:48.020 [info] > git show --textconv :nhakhoaso/templates/bao_cao.html [63ms]
2025-04-26 02:09:48.043 [info] > git ls-files --stage -- nhakhoaso/templates/bao_cao.html [44ms]
2025-04-26 02:09:48.112 [info] > git cat-file -s 5fa58101b4482da7e38fdb1176a0f0994ff6a35d [4ms]
2025-04-26 02:09:49.413 [info] > git show --textconv :nhakhoaso/app.py [176ms]
2025-04-26 02:09:49.419 [info] > git ls-files --stage -- nhakhoaso/app.py [61ms]
2025-04-26 02:09:49.541 [info] > git cat-file -s da9bae0dc88c7badc3d3ffa36eddcd573fb2e37e [51ms]
2025-04-26 02:09:50.123 [info] > git show --textconv :nhakhoaso/templates/bao_cao_luot_kham.html [63ms]
2025-04-26 02:09:50.150 [info] > git ls-files --stage -- nhakhoaso/templates/bao_cao_luot_kham.html [29ms]
2025-04-26 02:09:50.216 [info] > git cat-file -s 27d57151d53971be7f3604996ccfe1a68b690e9b [1ms]
2025-04-26 02:09:51.425 [info] > git ls-files --stage -- nhakhoaso/database/bao_cao.py [96ms]
2025-04-26 02:09:51.523 [info] > git show --textconv :nhakhoaso/database/bao_cao.py [239ms]
2025-04-26 02:09:51.574 [info] > git cat-file -s 15170ec6a1eb3e573f19d5f89dea1e58645a26f1 [54ms]
2025-04-26 02:13:07.068 [info] > git show --textconv :nhakhoaso/templates/sidebar.html [24ms]
2025-04-26 02:13:07.075 [info] > git ls-files --stage -- nhakhoaso/templates/sidebar.html [16ms]
2025-04-26 02:13:07.102 [info] > git cat-file -s fc0ce8a2269af27f132fa2af8eb18adbb853bd0a [4ms]
