2025-04-23 22:29:10.552 [info] (Client) Pylance async client (2025.4.1) started with python extension (2025.4.0)
2025-04-23 22:29:15.073 [info] [Info  - 22:29:13] (915) Server root directory: file:///home/huong/.vscode-server/extensions/ms-python.vscode-pylance-2025.4.1/dist
2025-04-23 22:29:15.075 [info] [Info  - 22:29:15] (915) Pylance language server 2025.4.1 (pyright version 1.1.398, commit 4f24eccc) starting
2025-04-23 22:29:15.076 [info] [Info  - 22:29:15] (915) Starting service instance "huong" for workspace "/home/huong"
2025-04-23 22:29:15.253 [info] [Info  - 22:29:15] (915) Setting environmentName for service "huong": "3.12.3 (global)"
2025-04-23 22:29:15.255 [info] [Info  - 22:29:15] (915) Setting pythonPath for service "huong": "/usr/bin/python3"
2025-04-23 22:29:15.256 [info] [Info  - 22:29:15] (915) No include entries specified; assuming /home/huong
2025-04-23 22:29:15.256 [info] [Info  - 22:29:15] (915) Auto-excluding **/node_modules
2025-04-23 22:29:15.257 [info] [Info  - 22:29:15] (915) Auto-excluding **/__pycache__
2025-04-23 22:29:15.257 [info] [Info  - 22:29:15] (915) Auto-excluding **/.*
2025-04-23 22:29:15.318 [info] [Info  - 22:29:15] (915) Assuming Python version 3.12.3.final.0
2025-04-23 22:29:15.578 [info] [Info  - 22:29:15] (915) Found 23 source files
2025-04-23 22:29:15.679 [info] [Info  - 22:29:15] (915) Setting environmentName for service "huong": "3.12.3 (global)"
2025-04-23 22:29:15.695 [info] [Info  - 22:29:15] (915) Setting pythonPath for service "huong": "/usr/bin/python3"
2025-04-23 22:29:15.695 [info] [Info  - 22:29:15] (915) No include entries specified; assuming /home/huong
2025-04-23 22:29:15.695 [info] [Info  - 22:29:15] (915) Auto-excluding **/node_modules
2025-04-23 22:29:15.702 [info] [Info  - 22:29:15] (915) Auto-excluding **/__pycache__
2025-04-23 22:29:15.703 [info] [Info  - 22:29:15] (915) Auto-excluding **/.*
2025-04-23 22:29:15.802 [info] [Info  - 22:29:15] (915) Assuming Python version 3.12.3.final.0
2025-04-23 22:29:16.146 [info] [Info  - 22:29:16] (915) Found 23 source files
2025-04-23 22:29:16.991 [info] [Info  - 22:29:16] (915) BG: Priority queue background worker(2) root directory: file:///home/huong/.vscode-server/extensions/ms-python.vscode-pylance-2025.4.1/dist
2025-04-23 22:29:16.997 [info] [Info  - 22:29:16] (915) BG: Priority queue background worker(2) started
2025-04-23 22:29:18.073 [info] [Info  - 22:29:18] (915) BG: Indexer background runner(3) root directory: file:///home/huong/.vscode-server/extensions/ms-python.vscode-pylance-2025.4.1/dist (index)
2025-04-23 22:29:18.075 [info] [Info  - 22:29:18] (915) BG: Indexing(3) started
2025-04-23 22:29:21.210 [info] [Info  - 22:29:21] (915) BG: [IDX(3)] Long operation: scan packages file:///home/huong (2787ms)
2025-04-23 22:29:21.211 [info] [Info  - 22:29:21] (915) BG: scanned(3) 108 files over 1 exec env
2025-04-23 22:29:22.147 [info] [Info  - 22:29:22] (915) BG: indexed(3) 108 files over 1 exec env
2025-04-23 22:29:22.259 [info] [Info  - 22:29:22] (915) BG: Indexing finished(3).
2025-04-23 22:29:23.199 [info] [Info  - 22:29:23] (915) BG: [BG(1)] Long operation: checking: file:///home/huong/nhakhoaso/app.py (3294ms)
2025-04-23 22:29:23.201 [info] [Info  - 22:29:23] (915) BG: [BG(1)] Long operation: analyzing: file:///home/huong/nhakhoaso/app.py (3423ms)
2025-04-23 23:13:52.617 [info] [Info  - 23:13:52] (915) BG: [BG(1)] Long operation: checking: file:///home/huong/qtcsdl/app.py (2450ms)
2025-04-23 23:13:52.620 [info] [Info  - 23:13:52] (915) BG: [BG(1)] Long operation: analyzing: file:///home/huong/qtcsdl/app.py (2452ms)
