0 verbose cli /usr/bin/node /usr/bin/npm
1 info using npm@9.2.0
2 info using node@v18.19.1
3 timing npm:load:whichnode Completed in 0ms
4 timing config:load:defaults Completed in 4ms
5 timing config:load:file:/usr/share/nodejs/npm/npmrc Completed in 32ms
6 timing config:load:builtin Completed in 32ms
7 timing config:load:cli Completed in 16ms
8 timing config:load:env Completed in 1ms
9 timing config:load:file:/home/huong/.cache/typescript/5.8/.npmrc Completed in 1ms
10 timing config:load:project Completed in 12ms
11 timing config:load:file:/home/huong/.npmrc Completed in 1ms
12 timing config:load:user Completed in 1ms
13 timing config:load:file:/etc/npmrc Completed in 0ms
14 timing config:load:global Completed in 1ms
15 timing config:load:setEnvs Completed in 2ms
16 timing config:load Completed in 71ms
17 timing npm:load:configload Completed in 71ms
18 timing npm:load:mkdirpcache Completed in 0ms
19 timing npm:load:mkdirplogs Completed in 0ms
20 verbose title npm install types-registry@latest
21 verbose argv "install" "--ignore-scripts" "types-registry@latest"
22 timing npm:load:setTitle Completed in 3ms
23 timing config:load:flatten Completed in 10ms
24 timing npm:load:display Completed in 12ms
25 verbose logfile logs-max:10 dir:/home/huong/.npm/_logs/2025-04-21T15_39_34_379Z-
26 verbose logfile /home/huong/.npm/_logs/2025-04-21T15_39_34_379Z-debug-0.log
27 timing npm:load:logFile Completed in 13ms
28 timing npm:load:timers Completed in 0ms
29 timing npm:load:configScope Completed in 1ms
30 timing npm:load Completed in 102ms
31 timing config:load:flatten Completed in 1ms
32 timing arborist:ctor Completed in 2ms
33 silly logfile done cleaning log files
34 timing idealTree:init Completed in 52ms
35 timing arborist:ctor Completed in 1ms
36 http fetch GET 200 https://registry.npmjs.org/types-registry 765ms (cache updated)
37 timing idealTree:userRequests Completed in 787ms
38 silly idealTree buildDeps
39 silly fetch manifest types-registry@0.1.717
40 silly placeDep ROOT types-registry@0.1.717 REPLACE for:  want: 0.1.717
41 timing idealTree:#root Completed in 16ms
42 timing idealTree:node_modules/types-registry Completed in 0ms
43 timing idealTree:buildDeps Completed in 19ms
44 timing idealTree:fixDepFlags Completed in 1ms
45 timing idealTree Completed in 861ms
46 timing reify:loadTrees Completed in 863ms
47 timing reify:diffTrees Completed in 2ms
48 silly reify moves {}
49 timing reify:retireShallow Completed in 2ms
50 timing reify:createSparse Completed in 0ms
51 timing reify:loadBundles Completed in 0ms
52 silly audit bulk request { 'types-registry': [ '0.1.717' ] }
53 timing reify:unpack Completed in 1ms
54 timing reify:unretire Completed in 0ms
55 timing build:queue Completed in 0ms
56 timing build:deps Completed in 1ms
57 timing build Completed in 1ms
58 timing reify:build Completed in 1ms
59 timing reify:trash Completed in 0ms
60 timing reify:save Completed in 21ms
61 http fetch POST 200 https://registry.npmjs.org/-/npm/v1/security/advisories/bulk 298ms
62 timing auditReport:getReport Completed in 301ms
63 silly audit report {}
64 timing auditReport:init Completed in 0ms
65 timing reify:audit Completed in 309ms
66 timing reify Completed in 1187ms
67 timing command:install Completed in 1211ms
68 verbose exit 0
69 timing npm Completed in 1356ms
70 info ok
