0 verbose cli /usr/bin/node /usr/bin/npm
1 info using npm@9.2.0
2 info using node@v18.19.1
3 timing npm:load:whichnode Completed in 1ms
4 timing config:load:defaults Completed in 2ms
5 timing config:load:file:/usr/share/nodejs/npm/npmrc Completed in 7ms
6 timing config:load:builtin Completed in 9ms
7 timing config:load:cli Completed in 2ms
8 timing config:load:env Completed in 2ms
9 timing config:load:file:/home/huong/.cache/typescript/5.8/.npmrc Completed in 1ms
10 timing config:load:project Completed in 5ms
11 timing config:load:file:/home/huong/.npmrc Completed in 0ms
12 timing config:load:user Completed in 1ms
13 timing config:load:file:/etc/npmrc Completed in 0ms
14 timing config:load:global Completed in 0ms
15 timing config:load:setEnvs Completed in 3ms
16 timing config:load Completed in 24ms
17 timing npm:load:configload Completed in 24ms
18 timing npm:load:mkdirpcache Completed in 1ms
19 timing npm:load:mkdirplogs Completed in 0ms
20 verbose title npm install types-registry@latest
21 verbose argv "install" "--ignore-scripts" "types-registry@latest"
22 timing npm:load:setTitle Completed in 3ms
23 timing config:load:flatten Completed in 6ms
24 timing npm:load:display Completed in 9ms
25 verbose logfile logs-max:10 dir:/home/huong/.npm/_logs/2025-04-19T04_10_37_368Z-
26 verbose logfile /home/huong/.npm/_logs/2025-04-19T04_10_37_368Z-debug-0.log
27 timing npm:load:logFile Completed in 16ms
28 timing npm:load:timers Completed in 0ms
29 timing npm:load:configScope Completed in 0ms
30 timing npm:load Completed in 55ms
31 silly logfile done cleaning log files
32 timing config:load:flatten Completed in 1ms
33 timing arborist:ctor Completed in 1ms
34 timing idealTree:init Completed in 28ms
35 timing arborist:ctor Completed in 0ms
36 http fetch GET 200 https://registry.npmjs.org/types-registry 862ms (cache updated)
37 timing idealTree:userRequests Completed in 885ms
38 silly idealTree buildDeps
39 silly fetch manifest types-registry@0.1.716
40 silly placeDep ROOT types-registry@0.1.716 REPLACE for:  want: 0.1.716
41 timing idealTree:#root Completed in 20ms
42 timing idealTree:node_modules/types-registry Completed in 0ms
43 timing idealTree:buildDeps Completed in 24ms
44 timing idealTree:fixDepFlags Completed in 2ms
45 timing idealTree Completed in 944ms
46 timing reify:loadTrees Completed in 951ms
47 timing reify:diffTrees Completed in 6ms
48 silly reify moves {}
49 timing reify:retireShallow Completed in 11ms
50 timing reify:createSparse Completed in 0ms
51 timing reify:loadBundles Completed in 0ms
52 silly audit bulk request { 'types-registry': [ '0.1.716' ] }
53 timing reify:unpack Completed in 1ms
54 timing reify:unretire Completed in 0ms
55 timing build:queue Completed in 0ms
56 timing build:deps Completed in 0ms
57 timing build Completed in 1ms
58 timing reify:build Completed in 1ms
59 timing reify:trash Completed in 0ms
60 timing reify:save Completed in 17ms
61 http fetch POST 200 https://registry.npmjs.org/-/npm/v1/security/advisories/bulk 319ms
62 timing auditReport:getReport Completed in 324ms
63 silly audit report {}
64 timing auditReport:init Completed in 0ms
65 timing reify:audit Completed in 332ms
66 timing reify Completed in 1314ms
67 timing command:install Completed in 1359ms
68 verbose exit 0
69 timing npm Completed in 1455ms
70 info ok
