0 verbose cli /usr/bin/node /usr/bin/npm
1 info using npm@9.2.0
2 info using node@v18.19.1
3 timing npm:load:whichnode Completed in 1ms
4 timing config:load:defaults Completed in 3ms
5 timing config:load:file:/usr/share/nodejs/npm/npmrc Completed in 15ms
6 timing config:load:builtin Completed in 15ms
7 timing config:load:cli Completed in 11ms
8 timing config:load:env Completed in 2ms
9 timing config:load:file:/home/huong/.cache/typescript/5.8/.npmrc Completed in 0ms
10 timing config:load:project Completed in 5ms
11 timing config:load:file:/home/huong/.npmrc Completed in 0ms
12 timing config:load:user Completed in 1ms
13 timing config:load:file:/etc/npmrc Completed in 1ms
14 timing config:load:global Completed in 1ms
15 timing config:load:setEnvs Completed in 2ms
16 timing config:load Completed in 41ms
17 timing npm:load:configload Completed in 42ms
18 timing npm:load:mkdirpcache Completed in 2ms
19 timing npm:load:mkdirplogs Completed in 1ms
20 verbose title npm install types-registry@latest
21 verbose argv "install" "--ignore-scripts" "types-registry@latest"
22 timing npm:load:setTitle Completed in 4ms
23 timing config:load:flatten Completed in 8ms
24 timing npm:load:display Completed in 14ms
25 verbose logfile logs-max:10 dir:/home/huong/.npm/_logs/2025-04-21T04_10_35_603Z-
26 verbose logfile /home/huong/.npm/_logs/2025-04-21T04_10_35_603Z-debug-0.log
27 timing npm:load:logFile Completed in 17ms
28 timing npm:load:timers Completed in 0ms
29 timing npm:load:configScope Completed in 0ms
30 timing npm:load Completed in 84ms
31 silly logfile done cleaning log files
32 timing config:load:flatten Completed in 1ms
33 timing arborist:ctor Completed in 3ms
34 timing idealTree:init Completed in 53ms
35 timing arborist:ctor Completed in 1ms
36 http fetch GET 200 https://registry.npmjs.org/types-registry 1139ms (cache updated)
37 timing idealTree:userRequests Completed in 1164ms
38 silly idealTree buildDeps
39 silly fetch manifest types-registry@0.1.717
40 silly placeDep ROOT types-registry@0.1.717 REPLACE for:  want: 0.1.717
41 timing idealTree:#root Completed in 17ms
42 timing idealTree:node_modules/types-registry Completed in 0ms
43 timing idealTree:buildDeps Completed in 21ms
44 timing idealTree:fixDepFlags Completed in 1ms
45 timing idealTree Completed in 1243ms
46 timing reify:loadTrees Completed in 1245ms
47 timing reify:diffTrees Completed in 2ms
48 silly reify mark retired [ '/home/huong/.cache/typescript/5.8/node_modules/types-registry' ]
49 silly reify moves {
49 silly reify   '/home/huong/.cache/typescript/5.8/node_modules/types-registry': '/home/huong/.cache/typescript/5.8/node_modules/.types-registry-vBbHB9eD'
49 silly reify }
50 timing reify:retireShallow Completed in 13ms
51 timing reify:createSparse Completed in 2ms
52 timing reify:loadBundles Completed in 0ms
53 silly audit bulk request { 'types-registry': [ '0.1.717' ] }
54 silly tarball no local data for types-registry@https://registry.npmjs.org/types-registry/-/types-registry-0.1.717.tgz. Extracting by manifest.
55 http fetch POST 200 https://registry.npmjs.org/-/npm/v1/security/advisories/bulk 287ms
56 timing auditReport:getReport Completed in 288ms
57 silly audit report {}
58 timing auditReport:init Completed in 0ms
59 timing reify:audit Completed in 290ms
60 http fetch GET 200 https://registry.npmjs.org/types-registry/-/types-registry-0.1.717.tgz 632ms (cache miss)
61 timing reifyNode:node_modules/types-registry Completed in 656ms
62 timing reify:unpack Completed in 658ms
63 timing reify:unretire Completed in 1ms
64 timing build:queue Completed in 0ms
65 timing build:deps Completed in 2ms
66 timing build Completed in 2ms
67 timing reify:build Completed in 3ms
68 timing reify:trash Completed in 5ms
69 timing reify:save Completed in 20ms
70 timing reify Completed in 1975ms
71 silly CHANGE node_modules/types-registry
72 timing command:install Completed in 1994ms
73 verbose exit 0
74 timing npm Completed in 2136ms
75 info ok
