2025-04-23 22:29:02.790 [info] [main] Log level: Info
2025-04-23 22:29:02.790 [info] [main] Validating found git in: "git"
2025-04-23 22:29:02.792 [info] [main] Using git "2.43.0" from "git"
2025-04-23 22:29:02.792 [info] [Model][doInitialScan] Initial repository scan started
2025-04-23 22:29:02.792 [info] > git rev-parse --show-toplevel [98ms]
2025-04-23 22:29:02.792 [info] fatal: not a git repository (or any of the parent directories): .git
2025-04-23 22:29:02.792 [info] > git rev-parse --show-toplevel [460ms]
2025-04-23 22:29:02.792 [info] fatal: not a git repository (or any of the parent directories): .git
2025-04-23 22:29:04.542 [info] > git rev-parse --show-toplevel [1659ms]
2025-04-23 22:29:04.542 [info] fatal: not a git repository (or any of the parent directories): .git
2025-04-23 22:29:05.155 [info] > git rev-parse --show-toplevel [233ms]
2025-04-23 22:29:05.155 [info] fatal: not a git repository (or any of the parent directories): .git
2025-04-23 22:29:05.312 [info] > git rev-parse --show-toplevel [125ms]
2025-04-23 22:29:05.312 [info] fatal: not a git repository (or any of the parent directories): .git
2025-04-23 22:29:05.342 [info] > git rev-parse --show-toplevel [11ms]
2025-04-23 22:29:05.342 [info] fatal: not a git repository (or any of the parent directories): .git
2025-04-23 22:29:05.376 [info] > git rev-parse --show-toplevel [20ms]
2025-04-23 22:29:05.376 [info] fatal: not a git repository (or any of the parent directories): .git
2025-04-23 22:29:05.455 [info] > git rev-parse --show-toplevel [3ms]
2025-04-23 22:29:05.455 [info] fatal: not a git repository (or any of the parent directories): .git
2025-04-23 22:29:05.890 [info] > git rev-parse --show-toplevel [311ms]
2025-04-23 22:29:05.890 [info] fatal: not a git repository (or any of the parent directories): .git
2025-04-23 22:29:07.091 [info] > git rev-parse --show-toplevel [976ms]
2025-04-23 22:29:07.091 [info] fatal: not a git repository (or any of the parent directories): .git
2025-04-23 22:29:07.444 [info] > git rev-parse --show-toplevel [209ms]
2025-04-23 22:29:07.444 [info] fatal: not a git repository (or any of the parent directories): .git
2025-04-23 22:29:07.572 [info] > git rev-parse --show-toplevel [65ms]
2025-04-23 22:29:07.572 [info] fatal: not a git repository (or any of the parent directories): .git
2025-04-23 22:29:07.649 [info] > git rev-parse --show-toplevel [28ms]
2025-04-23 22:29:07.649 [info] fatal: not a git repository (or any of the parent directories): .git
2025-04-23 22:29:07.653 [info] [Model][doInitialScan] Initial repository scan completed - repositories (0), closed repositories (0), parent repositories (0), unsafe repositories (0)
2025-04-23 22:29:24.829 [info] > git rev-parse --show-toplevel [30ms]
2025-04-23 22:29:24.829 [info] fatal: not a git repository (or any of the parent directories): .git
2025-04-23 22:29:24.898 [info] > git rev-parse --show-toplevel [50ms]
2025-04-23 22:29:24.898 [info] fatal: not a git repository (or any of the parent directories): .git
2025-04-23 22:29:29.855 [info] > git rev-parse --show-toplevel [1ms]
2025-04-23 22:29:29.855 [info] fatal: not a git repository (or any of the parent directories): .git
2025-04-23 22:34:52.600 [info] > git rev-parse --show-toplevel [13ms]
2025-04-23 22:34:52.600 [info] fatal: not a git repository (or any of the parent directories): .git
2025-04-23 22:34:53.106 [info] > git rev-parse --show-toplevel [63ms]
2025-04-23 22:34:53.106 [info] fatal: not a git repository (or any of the parent directories): .git
2025-04-23 22:34:53.835 [info] > git rev-parse --show-toplevel [333ms]
2025-04-23 22:34:53.835 [info] fatal: not a git repository (or any of the parent directories): .git
2025-04-23 22:34:54.198 [info] > git rev-parse --show-toplevel [144ms]
2025-04-23 22:34:54.198 [info] fatal: not a git repository (or any of the parent directories): .git
2025-04-23 22:34:54.469 [info] > git rev-parse --show-toplevel [33ms]
2025-04-23 22:34:54.469 [info] fatal: not a git repository (or any of the parent directories): .git
2025-04-23 22:34:54.711 [info] > git rev-parse --show-toplevel [16ms]
2025-04-23 22:34:54.711 [info] fatal: not a git repository (or any of the parent directories): .git
2025-04-23 22:46:25.793 [info] > git rev-parse --show-toplevel [3ms]
2025-04-23 22:46:25.803 [info] fatal: not a git repository (or any of the parent directories): .git
2025-04-23 22:46:26.194 [info] > git rev-parse --show-toplevel [31ms]
2025-04-23 22:46:26.194 [info] fatal: not a git repository (or any of the parent directories): .git
2025-04-23 22:46:27.115 [info] > git rev-parse --show-toplevel [77ms]
2025-04-23 22:46:27.115 [info] fatal: not a git repository (or any of the parent directories): .git
2025-04-23 22:46:26.964 [info] > git rev-parse --show-toplevel [47ms]
2025-04-23 22:46:26.964 [info] fatal: not a git repository (or any of the parent directories): .git
2025-04-23 22:46:27.314 [info] > git rev-parse --show-toplevel [37ms]
2025-04-23 22:46:27.314 [info] fatal: not a git repository (or any of the parent directories): .git
2025-04-23 22:46:27.911 [info] > git rev-parse --show-toplevel [32ms]
2025-04-23 22:46:27.911 [info] fatal: not a git repository (or any of the parent directories): .git
2025-04-23 22:51:31.112 [info] > git rev-parse --show-toplevel [6ms]
2025-04-23 22:51:31.112 [info] fatal: not a git repository (or any of the parent directories): .git
2025-04-23 23:05:51.755 [info] > git rev-parse --show-toplevel [226ms]
2025-04-23 23:05:51.755 [info] fatal: not a git repository (or any of the parent directories): .git
2025-04-23 23:05:52.197 [info] > git rev-parse --show-toplevel [154ms]
2025-04-23 23:05:52.197 [info] fatal: not a git repository (or any of the parent directories): .git
2025-04-23 23:05:52.611 [info] > git rev-parse --show-toplevel [27ms]
2025-04-23 23:05:52.611 [info] fatal: not a git repository (or any of the parent directories): .git
2025-04-23 23:05:53.308 [info] > git rev-parse --show-toplevel [11ms]
2025-04-23 23:05:53.308 [info] fatal: not a git repository (or any of the parent directories): .git
2025-04-23 23:05:53.785 [info] > git rev-parse --show-toplevel [45ms]
2025-04-23 23:05:53.785 [info] fatal: not a git repository (or any of the parent directories): .git
2025-04-23 23:05:54.191 [info] > git rev-parse --show-toplevel [14ms]
2025-04-23 23:05:54.192 [info] fatal: not a git repository (or any of the parent directories): .git
2025-04-23 23:05:54.551 [info] > git rev-parse --show-toplevel [15ms]
2025-04-23 23:05:54.551 [info] fatal: not a git repository (or any of the parent directories): .git
2025-04-23 23:13:48.522 [info] > git rev-parse --show-toplevel [15ms]
2025-04-23 23:13:48.534 [info] fatal: not a git repository (or any of the parent directories): .git
2025-04-23 23:13:49.309 [info] > git rev-parse --show-toplevel [20ms]
2025-04-23 23:13:49.309 [info] fatal: not a git repository (or any of the parent directories): .git
2025-04-23 23:13:49.856 [info] > git rev-parse --show-toplevel [8ms]
2025-04-23 23:13:49.856 [info] fatal: not a git repository (or any of the parent directories): .git
2025-04-23 23:13:50.851 [info] > git rev-parse --show-toplevel [113ms]
2025-04-23 23:13:50.851 [info] fatal: not a git repository (or any of the parent directories): .git
2025-04-23 23:13:51.120 [info] > git rev-parse --show-toplevel [6ms]
2025-04-23 23:13:51.120 [info] fatal: not a git repository (or any of the parent directories): .git
