2025-04-23 15:40:15.039 [info] [main] Log level: Info
2025-04-23 15:40:15.039 [info] [main] Validating found git in: "git"
2025-04-23 15:40:15.039 [info] [main] Using git "2.43.0" from "git"
2025-04-23 15:40:15.039 [info] [Model][doInitialScan] Initial repository scan started
2025-04-23 15:40:15.039 [info] > git rev-parse --show-toplevel [29ms]
2025-04-23 15:40:15.039 [info] fatal: not a git repository (or any of the parent directories): .git
2025-04-23 15:40:15.039 [info] > git rev-parse --show-toplevel [636ms]
2025-04-23 15:40:15.039 [info] fatal: not a git repository (or any of the parent directories): .git
2025-04-23 15:40:16.974 [info] > git rev-parse --show-toplevel [69ms]
2025-04-23 15:40:16.975 [info] fatal: not a git repository (or any of the parent directories): .git
2025-04-23 15:40:17.000 [info] > git rev-parse --show-toplevel [18ms]
2025-04-23 15:40:17.000 [info] fatal: not a git repository (or any of the parent directories): .git
2025-04-23 15:40:17.011 [info] > git rev-parse --show-toplevel [7ms]
2025-04-23 15:40:17.011 [info] fatal: not a git repository (or any of the parent directories): .git
2025-04-23 15:40:17.024 [info] > git rev-parse --show-toplevel [4ms]
2025-04-23 15:40:17.024 [info] fatal: not a git repository (or any of the parent directories): .git
2025-04-23 15:40:17.044 [info] > git rev-parse --show-toplevel [9ms]
2025-04-23 15:40:17.044 [info] fatal: not a git repository (or any of the parent directories): .git
2025-04-23 15:40:17.130 [info] > git rev-parse --show-toplevel [63ms]
2025-04-23 15:40:17.130 [info] fatal: not a git repository (or any of the parent directories): .git
2025-04-23 15:40:17.161 [info] > git rev-parse --show-toplevel [13ms]
2025-04-23 15:40:17.161 [info] fatal: not a git repository (or any of the parent directories): .git
2025-04-23 15:40:17.535 [info] > git rev-parse --show-toplevel [90ms]
2025-04-23 15:40:17.535 [info] fatal: not a git repository (or any of the parent directories): .git
2025-04-23 15:40:17.595 [info] > git rev-parse --show-toplevel [26ms]
2025-04-23 15:40:17.595 [info] fatal: not a git repository (or any of the parent directories): .git
2025-04-23 15:40:17.834 [info] > git rev-parse --show-toplevel [222ms]
2025-04-23 15:40:17.834 [info] fatal: not a git repository (or any of the parent directories): .git
2025-04-23 15:40:17.864 [info] > git rev-parse --show-toplevel [24ms]
2025-04-23 15:40:17.864 [info] fatal: not a git repository (or any of the parent directories): .git
2025-04-23 15:40:17.867 [info] [Model][doInitialScan] Initial repository scan completed - repositories (0), closed repositories (0), parent repositories (0), unsafe repositories (0)
2025-04-23 15:46:25.269 [info] > git rev-parse --show-toplevel [32ms]
2025-04-23 15:46:25.342 [info] fatal: not a git repository (or any of the parent directories): .git
2025-04-23 15:46:26.031 [info] > git rev-parse --show-toplevel [24ms]
2025-04-23 15:46:26.031 [info] fatal: not a git repository (or any of the parent directories): .git
2025-04-23 16:01:06.261 [info] > git rev-parse --show-toplevel [6ms]
2025-04-23 16:01:06.261 [info] fatal: not a git repository (or any of the parent directories): .git
2025-04-23 16:25:34.569 [info] > git rev-parse --show-toplevel [62ms]
2025-04-23 16:25:34.569 [info] fatal: not a git repository (or any of the parent directories): .git
2025-04-23 16:25:36.466 [info] > git rev-parse --show-toplevel [14ms]
2025-04-23 16:25:36.466 [info] fatal: not a git repository (or any of the parent directories): .git
2025-04-23 16:25:37.820 [info] > git rev-parse --show-toplevel [389ms]
2025-04-23 16:25:37.820 [info] fatal: not a git repository (or any of the parent directories): .git
2025-04-23 16:25:38.583 [info] > git rev-parse --show-toplevel [113ms]
2025-04-23 16:25:38.583 [info] fatal: not a git repository (or any of the parent directories): .git
2025-04-23 17:16:09.636 [info] > git rev-parse --show-toplevel [75ms]
2025-04-23 17:16:09.636 [info] fatal: not a git repository (or any of the parent directories): .git
