2025-04-24 00:39:25.926 [info] (Client) Pylance async client (2025.4.1) started with python extension (2025.4.0)
2025-04-24 00:39:27.414 [info] [Info  - 00:39:27] (2623) Server root directory: file:///home/huong/.vscode-server/extensions/ms-python.vscode-pylance-2025.4.1/dist
2025-04-24 00:39:27.416 [info] [Info  - 00:39:27] (2623) Pylance language server 2025.4.1 (pyright version 1.1.398, commit 4f24eccc) starting
2025-04-24 00:39:27.417 [info] [Info  - 00:39:27] (2623) Starting service instance "huong" for workspace "/home/huong"
2025-04-24 00:39:27.577 [info] [Info  - 00:39:27] (2623) Setting environmentName for service "huong": "3.12.3 (global)"
2025-04-24 00:39:27.578 [info] [Info  - 00:39:27] (2623) Setting pythonPath for service "huong": "/bin/python3"
2025-04-24 00:39:27.579 [info] [Info  - 00:39:27] (2623) No include entries specified; assuming /home/huong
2025-04-24 00:39:27.581 [info] [Info  - 00:39:27] (2623) Auto-excluding **/node_modules
2025-04-24 00:39:27.582 [info] [Info  - 00:39:27] (2623) Auto-excluding **/__pycache__
2025-04-24 00:39:27.583 [info] [Info  - 00:39:27] (2623) Auto-excluding **/.*
2025-04-24 00:39:27.625 [info] [Info  - 00:39:27] (2623) Assuming Python version 3.12.3.final.0
2025-04-24 00:39:28.204 [info] [Info  - 00:39:28] (2623) Found 23 source files
2025-04-24 00:39:28.234 [info] [Info  - 00:39:28] (2623) Setting environmentName for service "huong": "3.12.3 (global)"
2025-04-24 00:39:28.234 [info] [Info  - 00:39:28] (2623) Setting pythonPath for service "huong": "/bin/python3"
2025-04-24 00:39:28.234 [info] [Info  - 00:39:28] (2623) No include entries specified; assuming /home/huong
2025-04-24 00:39:28.234 [info] [Info  - 00:39:28] (2623) Auto-excluding **/node_modules
2025-04-24 00:39:28.235 [info] [Info  - 00:39:28] (2623) Auto-excluding **/__pycache__
2025-04-24 00:39:28.235 [info] [Info  - 00:39:28] (2623) Auto-excluding **/.*
2025-04-24 00:39:28.235 [info] [Info  - 00:39:28] (2623) Assuming Python version 3.12.3.final.0
2025-04-24 00:39:28.390 [info] [Info  - 00:39:28] (2623) Found 23 source files
2025-04-24 00:39:28.923 [info] [Info  - 00:39:28] (2623) BG: Priority queue background worker(2) root directory: file:///home/huong/.vscode-server/extensions/ms-python.vscode-pylance-2025.4.1/dist
2025-04-24 00:39:28.924 [info] [Info  - 00:39:28] (2623) BG: Priority queue background worker(2) started
2025-04-24 00:39:29.664 [info] [Info  - 00:39:29] (2623) BG: Indexer background runner(3) root directory: file:///home/huong/.vscode-server/extensions/ms-python.vscode-pylance-2025.4.1/dist (index)
2025-04-24 00:39:29.665 [info] [Info  - 00:39:29] (2623) BG: Indexing(3) started
2025-04-24 00:39:31.012 [info] [Info  - 00:39:31] (2623) BG: scanned(3) 108 files over 1 exec env
2025-04-24 00:39:31.561 [info] [Info  - 00:39:31] (2623) BG: indexed(3) 108 files over 1 exec env
2025-04-24 00:39:31.715 [info] [Info  - 00:39:31] (2623) BG: Indexing finished(3).
