2025-04-24 00:39:24.581 [info] Experiment 'pythonaa' is active
2025-04-24 00:39:24.581 [info] Experiment 'pythonRecommendTensorboardExt' is active
2025-04-24 00:39:24.581 [info] Experiment 'pythonTerminalEnvVarActivation' is active
2025-04-24 00:39:24.581 [info] Native locator: Refresh started
2025-04-24 00:39:24.581 [info] Native locator: Refresh started
2025-04-24 00:39:24.963 [info] > pyenv which python
2025-04-24 00:39:24.963 [info] cwd: .
2025-04-24 00:39:25.011 [info] Python interpreter path: /usr/bin/python3
2025-04-24 00:39:27.445 [info] Starting Pylance language server.
2025-04-24 00:39:28.236 [info] Native locator: Refresh finished in 4861 ms
2025-04-24 00:44:45.092 [info] Discover tests for workspace name: huong - uri: /home/huong/qtcsdl/app.py
2025-04-24 00:44:45.578 [info] Python interpreter path: /bin/python3
2025-04-24 00:53:09.122 [info] Discover tests for workspace name: huong - uri: /home/huong/qtcsdl/app.py
2025-04-24 00:56:57.726 [info] Discover tests for workspace name: huong - uri: /home/huong/qtcsdl/app.py
2025-04-24 01:07:36.697 [info] Discover tests for workspace name: huong - uri: /home/huong/qtcsdl/app.py
2025-04-24 01:07:38.460 [info] Discover tests for workspace name: huong - uri: /home/huong/qtcsdl/app_gs.py
2025-04-24 01:11:46.012 [info] Discover tests for workspace name: huong - uri: /home/huong/qtcsdl/app.py
2025-04-24 01:51:18.848 [info] Discover tests for workspace name: huong - uri: /home/huong/qtcsdl/app.py
2025-04-24 01:53:04.633 [info] Discover tests for workspace name: huong - uri: /home/huong/qtcsdl/app.py
2025-04-24 01:54:49.083 [info] Discover tests for workspace name: huong - uri: /home/huong/qtcsdl/app.py
2025-04-24 01:56:37.672 [info] Discover tests for workspace name: huong - uri: /home/huong/qtcsdl/help.py
2025-04-24 02:17:08.475 [info] Discover tests for workspace name: huong - uri: /home/huong/qtcsdl/help.py
2025-04-24 02:17:08.911 [info] Discover tests for workspace name: huong - uri: /home/huong/qtcsdl/app.py
2025-04-24 02:19:25.518 [info] Discover tests for workspace name: huong - uri: /home/huong/qtcsdl/app.py
