2025-04-25 08:57:20.993 [info] [main] Log level: Info
2025-04-25 08:57:20.993 [info] [main] Validating found git in: "git"
2025-04-25 08:57:20.993 [info] [main] Using git "2.43.0" from "git"
2025-04-25 08:57:20.993 [info] [Model][doInitialScan] Initial repository scan started
2025-04-25 08:57:20.993 [info] > git rev-parse --show-toplevel [439ms]
2025-04-25 08:57:20.993 [info] fatal: not a git repository (or any of the parent directories): .git
2025-04-25 08:57:20.993 [info] > git rev-parse --show-toplevel [410ms]
2025-04-25 08:57:20.993 [info] fatal: not a git repository (or any of the parent directories): .git
2025-04-25 08:57:23.140 [info] > git rev-parse --show-toplevel [1063ms]
2025-04-25 08:57:23.140 [info] fatal: not a git repository (or any of the parent directories): .git
2025-04-25 08:57:23.181 [info] > git rev-parse --show-toplevel [34ms]
2025-04-25 08:57:23.181 [info] fatal: not a git repository (or any of the parent directories): .git
2025-04-25 08:57:23.195 [info] > git rev-parse --show-toplevel [3ms]
2025-04-25 08:57:23.195 [info] fatal: not a git repository (or any of the parent directories): .git
2025-04-25 08:57:23.213 [info] > git rev-parse --show-toplevel [10ms]
2025-04-25 08:57:23.213 [info] fatal: not a git repository (or any of the parent directories): .git
2025-04-25 08:57:23.235 [info] > git rev-parse --show-toplevel [17ms]
2025-04-25 08:57:23.235 [info] fatal: not a git repository (or any of the parent directories): .git
2025-04-25 08:57:23.249 [info] > git rev-parse --show-toplevel [3ms]
2025-04-25 08:57:23.249 [info] fatal: not a git repository (or any of the parent directories): .git
2025-04-25 08:57:23.256 [info] > git rev-parse --show-toplevel [3ms]
2025-04-25 08:57:23.256 [info] fatal: not a git repository (or any of the parent directories): .git
2025-04-25 08:57:23.263 [info] > git rev-parse --show-toplevel [3ms]
2025-04-25 08:57:23.263 [info] fatal: not a git repository (or any of the parent directories): .git
2025-04-25 08:57:23.270 [info] > git rev-parse --show-toplevel [2ms]
2025-04-25 08:57:23.270 [info] fatal: not a git repository (or any of the parent directories): .git
2025-04-25 08:57:23.277 [info] > git rev-parse --show-toplevel [3ms]
2025-04-25 08:57:23.277 [info] fatal: not a git repository (or any of the parent directories): .git
2025-04-25 08:57:23.285 [info] > git rev-parse --show-toplevel [2ms]
2025-04-25 08:57:23.285 [info] fatal: not a git repository (or any of the parent directories): .git
2025-04-25 08:57:23.291 [info] > git rev-parse --show-toplevel [1ms]
2025-04-25 08:57:23.291 [info] fatal: not a git repository (or any of the parent directories): .git
2025-04-25 08:57:23.293 [info] [Model][doInitialScan] Initial repository scan completed - repositories (0), closed repositories (0), parent repositories (0), unsafe repositories (0)
