2025-04-23 15:40:18.083 [info] (Client) Pylance async client (2025.4.1) started with python extension (2025.4.0)
2025-04-23 15:40:18.797 [info] [Info  - 15:40:18] (908) Server root directory: file:///home/huong/.vscode-server/extensions/ms-python.vscode-pylance-2025.4.1/dist
2025-04-23 15:40:18.798 [info] [Info  - 15:40:18] (908) Pylance language server 2025.4.1 (pyright version 1.1.398, commit 4f24eccc) starting
2025-04-23 15:40:18.799 [info] [Info  - 15:40:18] (908) Starting service instance "huong" for workspace "/home/huong"
2025-04-23 15:40:18.929 [info] [Info  - 15:40:18] (908) Setting environmentName for service "huong": "3.12.3 (global)"
2025-04-23 15:40:18.931 [info] [Info  - 15:40:18] (908) Setting pythonPath for service "huong": "/usr/bin/python3"
2025-04-23 15:40:18.932 [info] [Info  - 15:40:18] (908) No include entries specified; assuming /home/huong
2025-04-23 15:40:18.932 [info] [Info  - 15:40:18] (908) Auto-excluding **/node_modules
2025-04-23 15:40:18.933 [info] [Info  - 15:40:18] (908) Auto-excluding **/__pycache__
2025-04-23 15:40:18.933 [info] [Info  - 15:40:18] (908) Auto-excluding **/.*
2025-04-23 15:40:18.965 [info] [Info  - 15:40:18] (908) Assuming Python version 3.12.3.final.0
2025-04-23 15:40:19.245 [info] [Info  - 15:40:19] (908) Found 24 source files
2025-04-23 15:40:19.472 [info] [Info  - 15:40:19] (908) Setting environmentName for service "huong": "3.12.3 (global)"
2025-04-23 15:40:19.472 [info] [Info  - 15:40:19] (908) Setting pythonPath for service "huong": "/usr/bin/python3"
2025-04-23 15:40:19.473 [info] [Info  - 15:40:19] (908) No include entries specified; assuming /home/huong
2025-04-23 15:40:19.478 [info] [Info  - 15:40:19] (908) Auto-excluding **/node_modules
2025-04-23 15:40:19.478 [info] [Info  - 15:40:19] (908) Auto-excluding **/__pycache__
2025-04-23 15:40:19.479 [info] [Info  - 15:40:19] (908) Auto-excluding **/.*
2025-04-23 15:40:19.479 [info] [Info  - 15:40:19] (908) Assuming Python version 3.12.3.final.0
2025-04-23 15:40:19.625 [info] [Info  - 15:40:19] (908) Found 24 source files
2025-04-23 15:40:20.756 [info] [Info  - 15:40:20] (908) BG: Priority queue background worker(2) root directory: file:///home/huong/.vscode-server/extensions/ms-python.vscode-pylance-2025.4.1/dist
2025-04-23 15:40:20.756 [info] [Info  - 15:40:20] (908) BG: Priority queue background worker(2) started
2025-04-23 15:40:21.420 [info] [Info  - 15:40:21] (908) BG: Indexer background runner(3) root directory: file:///home/huong/.vscode-server/extensions/ms-python.vscode-pylance-2025.4.1/dist (index)
2025-04-23 15:40:21.422 [info] [Info  - 15:40:21] (908) BG: Indexing(3) started
2025-04-23 15:40:23.087 [info] [Info  - 15:40:23] (908) BG: scanned(3) 108 files over 1 exec env
2025-04-23 15:40:23.640 [info] [Info  - 15:40:23] (908) BG: indexed(3) 108 files over 1 exec env
2025-04-23 15:40:23.732 [info] [Info  - 15:40:23] (908) BG: Indexing finished(3).
2025-04-23 15:40:23.934 [info] [Info  - 15:40:23] (908) BG: [BG(1)] Long operation: SemanticTokens range 572:0 - 628:52 at file:///home/huong/nhakhoaso/app.py (2515ms)
2025-04-23 16:25:37.952 [info] [Info  - 16:25:37] (908) BG: [BG(1)] Long operation: analyzing: file:///home/huong/nhakhoaso/app.py (2342ms)
2025-04-23 16:25:43.686 [info] [Info  - 16:25:43] (908) BG: [BG(1)] Long operation: checking: file:///home/huong/nhakhoaso/app.py (2081ms)
2025-04-23 16:25:43.687 [info] [Info  - 16:25:43] (908) BG: [BG(1)] Long operation: analyzing: file:///home/huong/nhakhoaso/app.py (2082ms)
2025-04-23 16:29:48.273 [info] [Info  - 16:29:48] (908) [FG] Long operation: parsing: file:///usr/lib/python3.12/_pydatetime.py (3098ms)
2025-04-23 16:29:48.467 [info] [Info  - 16:29:48] (908) [FG] Long operation: binding: file:///usr/lib/python3.12/datetime.py (3370ms)
2025-04-23 16:29:50.443 [info] [Info  - 16:29:50] (908) BG: [BG(1)] Long operation: checking: file:///home/huong/nhakhoaso/app.py (4054ms)
2025-04-23 16:29:50.444 [info] [Info  - 16:29:50] (908) BG: [BG(1)] Long operation: analyzing: file:///home/huong/nhakhoaso/app.py (4054ms)
