2025-04-26 09:05:56.781 [info] [main] Log level: Info
2025-04-26 09:05:56.781 [info] [main] Validating found git in: "git"
2025-04-26 09:05:56.781 [info] [main] Using git "2.43.0" from "git"
2025-04-26 09:05:56.781 [info] [Model][doInitialScan] Initial repository scan started
2025-04-26 09:05:56.781 [info] > git rev-parse --show-toplevel [265ms]
2025-04-26 09:05:56.781 [info] > git rev-parse --git-dir --git-common-dir [84ms]
2025-04-26 09:05:56.781 [info] [Model][openRepository] Opened repository: /home/huong
2025-04-26 09:05:57.549 [info] > git rev-parse --show-toplevel [744ms]
2025-04-26 09:05:57.550 [info] > git config --get commit.template [749ms]
2025-04-26 09:05:58.835 [info] > git for-each-ref --format=%(refname)%00%(upstream:short)%00%(objectname)%00%(upstream:track)%00%(upstream:remotename)%00%(upstream:remoteref) refs/heads/main refs/remotes/main [1267ms]
2025-04-26 09:05:59.090 [info] > git check-ignore -v -z --stdin [239ms]
2025-04-26 09:05:59.091 [info] > git rev-parse --show-toplevel [182ms]
2025-04-26 09:05:59.092 [info] > git for-each-ref --sort -committerdate --format %(refname)%00%(objectname)%00%(*objectname) [246ms]
2025-04-26 09:05:59.244 [info] > git status -z -uall [404ms]
2025-04-26 09:05:59.255 [info] > git rev-parse --show-toplevel [138ms]
2025-04-26 09:05:59.427 [info] > git for-each-ref --format=%(refname)%00%(upstream:short)%00%(objectname)%00%(upstream:track)%00%(upstream:remotename)%00%(upstream:remoteref) refs/heads/main refs/remotes/main [80ms]
2025-04-26 09:05:59.668 [info] > git config --get --local branch.main.vscode-merge-base [236ms]
2025-04-26 09:05:59.668 [warning] [Git][config] git config failed: Failed to execute git
2025-04-26 09:05:59.674 [info] > git config --get commit.template [296ms]
2025-04-26 09:05:59.674 [info] > git rev-parse --show-toplevel [310ms]
2025-04-26 09:05:59.756 [info] > git reflog main --grep-reflog=branch: Created from *. [83ms]
2025-04-26 09:05:59.802 [info] > git symbolic-ref --short refs/remotes/origin/HEAD [42ms]
2025-04-26 09:05:59.802 [info] fatal: ref refs/remotes/origin/HEAD is not a symbolic ref
2025-04-26 09:05:59.802 [warning] [Repository][getDefaultBranch] Failed to get default branch details: Failed to execute git.
2025-04-26 09:05:59.803 [info] > git rev-parse --show-toplevel [117ms]
2025-04-26 09:05:59.823 [info] > git for-each-ref --format=%(refname)%00%(upstream:short)%00%(objectname)%00%(upstream:track)%00%(upstream:remotename)%00%(upstream:remoteref) refs/heads/main refs/remotes/main [41ms]
2025-04-26 09:05:59.915 [info] > git for-each-ref --sort -committerdate --format %(refname)%00%(objectname)%00%(*objectname) [68ms]
2025-04-26 09:05:59.916 [info] > git rev-parse --show-toplevel [96ms]
2025-04-26 09:06:01.250 [info] > git status -z -uall [1414ms]
2025-04-26 09:06:01.251 [info] > git rev-parse --show-toplevel [1280ms]
2025-04-26 09:06:01.359 [info] > git rev-parse --show-toplevel [48ms]
2025-04-26 09:06:05.576 [info] > git rev-parse --show-toplevel [3333ms]
2025-04-26 09:06:05.742 [info] > git rev-parse --show-toplevel [119ms]
2025-04-26 09:06:06.205 [info] > git check-ignore -v -z --stdin [91ms]
2025-04-26 09:06:06.216 [info] > git rev-parse --show-toplevel [458ms]
2025-04-26 09:06:06.368 [info] > git rev-parse --show-toplevel [85ms]
2025-04-26 09:06:06.470 [info] > git rev-parse --show-toplevel [50ms]
2025-04-26 09:06:06.486 [info] [Model][doInitialScan] Initial repository scan completed - repositories (1), closed repositories (0), parent repositories (0), unsafe repositories (0)
2025-04-26 09:06:06.541 [info] > git ls-files --stage -- nhakhoaso/templates/sidebar.html [30ms]
2025-04-26 09:06:06.554 [info] > git show --textconv :nhakhoaso/templates/sidebar.html [49ms]
2025-04-26 09:06:06.554 [info] > git config --get commit.template [15ms]
2025-04-26 09:06:06.556 [info] > git cat-file -s fc0ce8a2269af27f132fa2af8eb18adbb853bd0a [4ms]
2025-04-26 09:06:06.569 [info] > git for-each-ref --format=%(refname)%00%(upstream:short)%00%(objectname)%00%(upstream:track)%00%(upstream:remotename)%00%(upstream:remoteref) refs/heads/main refs/remotes/main [8ms]
2025-04-26 09:06:06.623 [info] > git for-each-ref --sort -committerdate --format %(refname)%00%(objectname)%00%(*objectname) [43ms]
2025-04-26 09:06:06.903 [info] > git status -z -uall [329ms]
2025-04-26 09:06:09.099 [info] > git check-ignore -v -z --stdin [32ms]
2025-04-26 09:06:10.881 [info] > git diff --name-status -z --diff-filter=ADMR @{upstream} [11ms]
2025-04-26 09:06:10.881 [info] fatal: no upstream configured for branch 'main'
2025-04-26 09:29:39.489 [info] > git ls-files --stage -- nhakhoaso/templates/benh_nhan.html [89ms]
2025-04-26 09:29:39.505 [info] > git show --textconv :nhakhoaso/templates/benh_nhan.html [168ms]
2025-04-26 09:29:39.506 [info] > git cat-file -s e72cae322f92bc0a5e31e4fb0f03b2427638e362 [3ms]
2025-04-26 09:29:40.250 [info] > git ls-files --stage -- nhakhoaso/templates/dich_vu.html [28ms]
2025-04-26 09:29:40.261 [info] > git show --textconv :nhakhoaso/templates/dich_vu.html [47ms]
2025-04-26 09:29:40.265 [info] > git cat-file -s 77ace920ed36d1923108cf5db51f89dc3b06ec6a [5ms]
2025-04-26 09:29:41.447 [info] > git show --textconv :nhakhoaso/templates/layout.html [357ms]
2025-04-26 09:29:41.448 [info] > git ls-files --stage -- nhakhoaso/templates/layout.html [343ms]
2025-04-26 09:29:41.477 [info] > git cat-file -s 39b017d98b7ed03f49693a29388e80ceefedd059 [13ms]
2025-04-26 09:29:41.780 [info] > git ls-files --stage -- nhakhoaso/templates/bac_si.html [42ms]
2025-04-26 09:29:41.788 [info] > git cat-file -s 33c1ac199ed0b838d617daa48c5100a820db8a17 [2ms]
2025-04-26 09:29:41.862 [info] > git show --textconv :nhakhoaso/templates/bac_si.html [131ms]
2025-04-26 09:29:43.253 [info] > git show --textconv :nhakhoaso/static/delete-confirmation.js [233ms]
2025-04-26 09:29:43.253 [info] > git check-ignore -v -z --stdin [69ms]
2025-04-26 09:29:43.254 [info] > git ls-files --stage -- nhakhoaso/static/delete-confirmation.js [202ms]
2025-04-26 09:29:44.010 [info] > git hash-object -t tree /dev/null [340ms]
2025-04-26 09:29:44.011 [warning] [GitFileSystemProvider][readFile] File not found - git:/home/huong/nhakhoaso/static/delete-confirmation.js.git?%7B%22path%22%3A%22%2Fhome%2Fhuong%2Fnhakhoaso%2Fstatic%2Fdelete-confirmation.js%22%2C%22ref%22%3A%22%22%7D
2025-04-26 09:29:44.094 [info] > git hash-object -t tree /dev/null [582ms]
2025-04-26 09:29:44.094 [warning] [GitFileSystemProvider][stat] File not found - git:/home/huong/nhakhoaso/static/delete-confirmation.js.git?%7B%22path%22%3A%22%2Fhome%2Fhuong%2Fnhakhoaso%2Fstatic%2Fdelete-confirmation.js%22%2C%22ref%22%3A%22%22%7D
2025-04-26 09:29:44.730 [info] > git show --textconv :nhakhoaso/templates/phieu_kham.html [484ms]
2025-04-26 09:29:44.731 [info] > git ls-files --stage -- nhakhoaso/templates/phieu_kham.html [332ms]
2025-04-26 09:29:44.972 [info] > git cat-file -s 5845586a97c2e44fde3ccb19c953fe7cf78b2c31 [194ms]
2025-04-26 09:29:45.492 [info] > git show --textconv :nhakhoaso/templates/lich_hen.html [57ms]
2025-04-26 09:29:45.644 [info] > git ls-files --stage -- nhakhoaso/templates/lich_hen.html [173ms]
2025-04-26 09:29:45.711 [info] > git cat-file -s 895d45ff42be233a80064a27e54e57a53df8bb13 [47ms]
2025-04-26 09:42:58.398 [info] > git show --textconv :nhakhoaso/templates/tim_kiem_phieu_kham.html [119ms]
2025-04-26 09:42:58.502 [info] > git ls-files --stage -- nhakhoaso/templates/tim_kiem_phieu_kham.html [213ms]
2025-04-26 09:42:58.513 [info] > git cat-file -s 2979cb503f2b0ac74cae9e36ff79093fc1e6a5d0 [2ms]
2025-04-26 09:42:58.564 [info] > git check-ignore -v -z --stdin [18ms]
2025-04-26 09:42:59.340 [info] > git ls-files --stage -- nhakhoaso/templates/tim_kiem_dich_vu.html [63ms]
2025-04-26 09:42:59.433 [info] > git show --textconv :nhakhoaso/templates/tim_kiem_dich_vu.html [174ms]
2025-04-26 09:42:59.438 [info] > git cat-file -s 2c1e87d3bc7c2e73740f8d101ed32300c4a07ea2 [69ms]
2025-04-26 09:42:59.522 [info] > git show --textconv :nhakhoaso/templates/tim_kiem_benh_nhan.html [13ms]
2025-04-26 09:42:59.525 [info] > git ls-files --stage -- nhakhoaso/templates/tim_kiem_benh_nhan.html [5ms]
2025-04-26 09:42:59.535 [info] > git cat-file -s c3f1d1cccaee09604fca1e3cf8ddfddae27300a9 [2ms]
2025-04-26 09:43:00.100 [info] > git show --textconv :nhakhoaso/templates/tim_kiem_lich_hen.html [207ms]
2025-04-26 09:43:00.103 [info] > git ls-files --stage -- nhakhoaso/templates/tim_kiem_lich_hen.html [63ms]
2025-04-26 09:43:00.139 [info] > git cat-file -s a96e1d1cfc19bc46ef55f5bedee0b61d205e086a [20ms]
2025-04-26 09:43:00.261 [info] > git show --textconv :nhakhoaso/templates/tim_kiem_bac_si.html [34ms]
2025-04-26 09:43:00.262 [info] > git ls-files --stage -- nhakhoaso/templates/tim_kiem_bac_si.html [21ms]
2025-04-26 09:43:00.281 [info] > git cat-file -s dfc4466f7357488e002b578ddd5d065f3efed1fb [8ms]
2025-04-26 09:53:37.078 [info] > git ls-files --stage -- nhakhoaso/templates/tim_kiem_dich_vu.html [10ms]
2025-04-26 09:53:37.110 [info] > git cat-file -s 2c1e87d3bc7c2e73740f8d101ed32300c4a07ea2 [11ms]
2025-04-26 09:53:37.163 [info] > git show --textconv :nhakhoaso/templates/tim_kiem_dich_vu.html [120ms]
2025-04-26 10:18:30.075 [info] > git show --textconv :nhakhoaso/templates/dang_nhap.html [36ms]
2025-04-26 10:18:30.086 [warning] [GitFileSystemProvider][readFile] File not found - git:/home/huong/nhakhoaso/templates/dang_nhap.html.git?%7B%22path%22%3A%22%2Fhome%2Fhuong%2Fnhakhoaso%2Ftemplates%2Fdang_nhap.html%22%2C%22ref%22%3A%22%22%7D
2025-04-26 10:18:30.099 [info] > git ls-files --stage -- nhakhoaso/templates/dang_nhap.html [39ms]
2025-04-26 10:18:30.100 [warning] [GitFileSystemProvider][stat] File not found - git:/home/huong/nhakhoaso/templates/dang_nhap.html.git?%7B%22path%22%3A%22%2Fhome%2Fhuong%2Fnhakhoaso%2Ftemplates%2Fdang_nhap.html%22%2C%22ref%22%3A%22%22%7D
2025-04-26 10:18:30.311 [info] > git check-ignore -v -z --stdin [12ms]
2025-04-26 10:18:31.120 [info] > git show --textconv :nhakhoaso/database/nguoi_dung.py [46ms]
2025-04-26 10:18:31.121 [warning] [GitFileSystemProvider][readFile] File not found - git:/home/huong/nhakhoaso/database/nguoi_dung.py.git?%7B%22path%22%3A%22%2Fhome%2Fhuong%2Fnhakhoaso%2Fdatabase%2Fnguoi_dung.py%22%2C%22ref%22%3A%22%22%7D
2025-04-26 10:18:31.348 [info] > git ls-files --stage -- nhakhoaso/database/nguoi_dung.py [243ms]
2025-04-26 10:18:31.358 [warning] [GitFileSystemProvider][stat] File not found - git:/home/huong/nhakhoaso/database/nguoi_dung.py.git?%7B%22path%22%3A%22%2Fhome%2Fhuong%2Fnhakhoaso%2Fdatabase%2Fnguoi_dung.py%22%2C%22ref%22%3A%22%22%7D
2025-04-26 10:18:32.312 [info] > git show --textconv :nhakhoaso/static/style.css [231ms]
2025-04-26 10:18:32.312 [info] > git ls-files --stage -- nhakhoaso/static/style.css [172ms]
2025-04-26 10:18:32.672 [info] > git check-ignore -v -z --stdin [362ms]
2025-04-26 10:18:32.704 [info] > git cat-file -s 46aa7e5f526949853325aa6c09cc5c3df73fce9f [334ms]
2025-04-26 10:18:33.209 [info] > git show --textconv :nhakhoaso/app.py [417ms]
2025-04-26 10:18:33.210 [info] > git ls-files --stage -- nhakhoaso/app.py [326ms]
2025-04-26 10:18:33.261 [info] > git cat-file -s da9bae0dc88c7badc3d3ffa36eddcd573fb2e37e [26ms]
2025-04-26 10:18:33.356 [info] > git show --textconv :nhakhoaso/templates/sidebar.html [57ms]
2025-04-26 10:18:33.366 [info] > git ls-files --stage -- nhakhoaso/templates/sidebar.html [20ms]
2025-04-26 10:18:33.397 [info] > git cat-file -s fc0ce8a2269af27f132fa2af8eb18adbb853bd0a [11ms]
2025-04-26 10:30:27.833 [info] > git ls-files --stage -- create_user.py [88ms]
2025-04-26 10:30:27.834 [warning] [GitFileSystemProvider][stat] File not found - git:/home/huong/create_user.py.git?%7B%22path%22%3A%22%2Fhome%2Fhuong%2Fcreate_user.py%22%2C%22ref%22%3A%22%22%7D
2025-04-26 10:30:27.836 [info] > git show --textconv :create_user.py [120ms]
2025-04-26 10:30:27.843 [warning] [GitFileSystemProvider][readFile] File not found - git:/home/huong/create_user.py.git?%7B%22path%22%3A%22%2Fhome%2Fhuong%2Fcreate_user.py%22%2C%22ref%22%3A%22%22%7D
2025-04-26 10:30:28.188 [info] > git check-ignore -v -z --stdin [165ms]
2025-04-26 10:30:38.685 [info] > git ls-files --stage -- nhakhoaso/templates/bao_cao_luot_kham.html [27ms]
2025-04-26 10:30:38.714 [info] > git show --textconv :nhakhoaso/templates/bao_cao_luot_kham.html [65ms]
2025-04-26 10:30:38.714 [info] > git cat-file -s 27d57151d53971be7f3604996ccfe1a68b690e9b [1ms]
2025-04-26 10:30:40.922 [info] > git check-ignore -v -z --stdin [13ms]
2025-04-26 10:30:56.514 [info] > git check-ignore -v -z --stdin [15ms]
2025-04-26 10:31:17.336 [info] > git show --textconv :fix_indentation.py [65ms]
2025-04-26 10:31:17.337 [info] > git ls-files --stage -- fix_indentation.py [57ms]
2025-04-26 10:31:17.393 [info] > git cat-file -s 6d791412b7e3c68573603e8c9eec9ddd391ed0f2 [27ms]
2025-04-26 10:48:02.591 [info] > git ls-files --stage -- qtcsdl/templates/qllh_new.html [16ms]
2025-04-26 10:48:02.646 [info] > git show --textconv :qtcsdl/templates/qllh_new.html [81ms]
2025-04-26 10:48:02.660 [info] > git cat-file -s 29aa93168b2978e2e4b53694e9ddcdbd3a800e28 [15ms]
2025-04-26 10:48:02.837 [info] > git check-ignore -v -z --stdin [51ms]
2025-04-26 10:52:19.074 [info] > git check-ignore -v -z --stdin [31ms]
2025-04-26 10:52:19.641 [info] > git check-ignore -v -z --stdin [24ms]
2025-04-26 10:52:47.621 [info] > git check-ignore -v -z --stdin [19ms]
2025-04-26 10:54:06.822 [info] > git ls-files --stage -- qtcsdl/templates/qllh_new.html [13ms]
2025-04-26 10:54:06.833 [info] > git cat-file -s 29aa93168b2978e2e4b53694e9ddcdbd3a800e28 [2ms]
2025-04-26 10:54:06.886 [info] > git show --textconv :qtcsdl/templates/qllh_new.html [87ms]
2025-04-26 11:16:06.841 [info] > git check-ignore -v -z --stdin [7ms]
2025-04-26 11:16:13.277 [info] > git check-ignore -v -z --stdin [17ms]
2025-04-26 11:18:30.764 [info] > git show --textconv :qtcsdl/templates/sua_ph_new.html [25ms]
2025-04-26 11:18:30.794 [info] > git ls-files --stage -- qtcsdl/templates/sua_ph_new.html [45ms]
2025-04-26 11:18:30.822 [info] > git cat-file -s 2cabbabf81219a7495d4fd589c3d14f7cb5ef969 [9ms]
2025-04-26 11:20:42.662 [info] > git show --textconv :qtcsdl/templates/sua-lop-hoc.html [49ms]
2025-04-26 11:20:42.725 [info] > git ls-files --stage -- qtcsdl/templates/sua-lop-hoc.html [65ms]
2025-04-26 11:20:42.777 [info] > git cat-file -s 65c6b66a4aea3f2392732082ccc97f15d7a871c2 [5ms]
2025-04-26 11:20:47.283 [info] > git check-ignore -v -z --stdin [12ms]
2025-04-26 11:20:51.393 [info] > git show --textconv :.bash_history [8ms]
2025-04-26 11:20:51.409 [info] > git ls-files --stage -- .bash_history [17ms]
2025-04-26 11:20:51.415 [info] > git cat-file -s 3d913812e8e7e4abf3d2a66326cba276dbd237b0 [1ms]
