2025-04-24 00:32:58.983 [info] [main] Log level: Info
2025-04-24 00:32:58.983 [info] [main] Validating found git in: "git"
2025-04-24 00:32:58.983 [info] [main] Using git "2.43.0" from "git"
2025-04-24 00:32:58.983 [info] [Model][doInitialScan] Initial repository scan started
2025-04-24 00:32:58.983 [info] > git rev-parse --show-toplevel [905ms]
2025-04-24 00:32:58.984 [info] fatal: not a git repository (or any of the parent directories): .git
2025-04-24 00:32:58.984 [info] > git rev-parse --show-toplevel [27ms]
2025-04-24 00:32:58.984 [info] fatal: not a git repository (or any of the parent directories): .git
2025-04-24 00:33:00.768 [info] > git rev-parse --show-toplevel [61ms]
2025-04-24 00:33:00.768 [info] fatal: not a git repository (or any of the parent directories): .git
2025-04-24 00:33:00.788 [info] > git rev-parse --show-toplevel [4ms]
2025-04-24 00:33:00.788 [info] fatal: not a git repository (or any of the parent directories): .git
2025-04-24 00:33:00.873 [info] > git rev-parse --show-toplevel [70ms]
2025-04-24 00:33:00.874 [info] fatal: not a git repository (or any of the parent directories): .git
2025-04-24 00:33:00.892 [info] > git rev-parse --show-toplevel [8ms]
2025-04-24 00:33:00.892 [info] fatal: not a git repository (or any of the parent directories): .git
2025-04-24 00:33:00.915 [info] > git rev-parse --show-toplevel [2ms]
2025-04-24 00:33:00.915 [info] fatal: not a git repository (or any of the parent directories): .git
2025-04-24 00:33:00.952 [info] > git rev-parse --show-toplevel [25ms]
2025-04-24 00:33:00.952 [info] fatal: not a git repository (or any of the parent directories): .git
2025-04-24 00:33:00.958 [info] > git rev-parse --show-toplevel [2ms]
2025-04-24 00:33:00.958 [info] fatal: not a git repository (or any of the parent directories): .git
2025-04-24 00:33:00.972 [info] > git rev-parse --show-toplevel [4ms]
2025-04-24 00:33:00.973 [info] fatal: not a git repository (or any of the parent directories): .git
2025-04-24 00:33:00.993 [info] > git rev-parse --show-toplevel [2ms]
2025-04-24 00:33:00.993 [info] fatal: not a git repository (or any of the parent directories): .git
2025-04-24 00:33:01.014 [info] > git rev-parse --show-toplevel [7ms]
2025-04-24 00:33:01.014 [info] fatal: not a git repository (or any of the parent directories): .git
2025-04-24 00:33:01.079 [info] > git rev-parse --show-toplevel [49ms]
2025-04-24 00:33:01.079 [info] fatal: not a git repository (or any of the parent directories): .git
2025-04-24 00:33:01.095 [info] [Model][doInitialScan] Initial repository scan completed - repositories (0), closed repositories (0), parent repositories (0), unsafe repositories (0)
2025-04-24 00:44:45.292 [info] > git rev-parse --show-toplevel [10ms]
2025-04-24 00:44:45.292 [info] fatal: not a git repository (or any of the parent directories): .git
2025-04-24 00:53:09.255 [info] > git rev-parse --show-toplevel [5ms]
2025-04-24 00:53:09.255 [info] fatal: not a git repository (or any of the parent directories): .git
2025-04-24 00:53:09.652 [info] > git rev-parse --show-toplevel [23ms]
2025-04-24 00:53:09.652 [info] fatal: not a git repository (or any of the parent directories): .git
2025-04-24 00:53:09.942 [info] > git rev-parse --show-toplevel [3ms]
2025-04-24 00:53:09.942 [info] fatal: not a git repository (or any of the parent directories): .git
2025-04-24 00:56:57.743 [info] > git rev-parse --show-toplevel [19ms]
2025-04-24 00:56:57.743 [info] fatal: not a git repository (or any of the parent directories): .git
2025-04-24 00:56:58.360 [info] > git rev-parse --show-toplevel [33ms]
2025-04-24 00:56:58.361 [info] fatal: not a git repository (or any of the parent directories): .git
2025-04-24 01:07:36.910 [info] > git rev-parse --show-toplevel [49ms]
2025-04-24 01:07:36.911 [info] fatal: not a git repository (or any of the parent directories): .git
2025-04-24 01:07:37.207 [info] > git rev-parse --show-toplevel [17ms]
2025-04-24 01:07:37.207 [info] fatal: not a git repository (or any of the parent directories): .git
2025-04-24 01:07:38.491 [info] > git rev-parse --show-toplevel [33ms]
2025-04-24 01:07:38.491 [info] fatal: not a git repository (or any of the parent directories): .git
2025-04-24 01:07:39.109 [info] > git rev-parse --show-toplevel [13ms]
2025-04-24 01:07:39.109 [info] fatal: not a git repository (or any of the parent directories): .git
2025-04-24 01:07:39.293 [info] > git rev-parse --show-toplevel [2ms]
2025-04-24 01:07:39.293 [info] fatal: not a git repository (or any of the parent directories): .git
2025-04-24 01:07:39.797 [info] > git rev-parse --show-toplevel [43ms]
2025-04-24 01:07:39.798 [info] fatal: not a git repository (or any of the parent directories): .git
2025-04-24 01:07:40.260 [info] > git rev-parse --show-toplevel [4ms]
2025-04-24 01:07:40.260 [info] fatal: not a git repository (or any of the parent directories): .git
2025-04-24 01:11:46.213 [info] > git rev-parse --show-toplevel [48ms]
2025-04-24 01:11:46.213 [info] fatal: not a git repository (or any of the parent directories): .git
2025-04-24 01:34:40.590 [info] > git rev-parse --show-toplevel [1ms]
2025-04-24 01:34:40.590 [info] fatal: not a git repository (or any of the parent directories): .git
2025-04-24 01:51:18.933 [info] > git rev-parse --show-toplevel [55ms]
2025-04-24 01:51:18.933 [info] fatal: not a git repository (or any of the parent directories): .git
2025-04-24 01:51:19.814 [info] > git rev-parse --show-toplevel [54ms]
2025-04-24 01:51:19.814 [info] fatal: not a git repository (or any of the parent directories): .git
2025-04-24 01:51:20.129 [info] > git rev-parse --show-toplevel [13ms]
2025-04-24 01:51:20.129 [info] fatal: not a git repository (or any of the parent directories): .git
2025-04-24 01:51:20.476 [info] > git rev-parse --show-toplevel [4ms]
2025-04-24 01:51:20.476 [info] fatal: not a git repository (or any of the parent directories): .git
2025-04-24 01:51:20.825 [info] > git rev-parse --show-toplevel [4ms]
2025-04-24 01:51:20.825 [info] fatal: not a git repository (or any of the parent directories): .git
2025-04-24 01:53:04.793 [info] > git rev-parse --show-toplevel [3ms]
2025-04-24 01:53:04.793 [info] fatal: not a git repository (or any of the parent directories): .git
2025-04-24 01:56:37.759 [info] > git rev-parse --show-toplevel [18ms]
2025-04-24 01:56:37.769 [info] fatal: not a git repository (or any of the parent directories): .git
2025-04-24 02:09:51.090 [info] > git rev-parse --show-toplevel [1ms]
2025-04-24 02:09:51.090 [info] fatal: not a git repository (or any of the parent directories): .git
2025-04-24 02:17:08.380 [info] > git rev-parse --show-toplevel [13ms]
2025-04-24 02:17:08.380 [info] fatal: not a git repository (or any of the parent directories): .git
2025-04-24 02:17:08.886 [info] > git rev-parse --show-toplevel [6ms]
2025-04-24 02:17:08.886 [info] fatal: not a git repository (or any of the parent directories): .git
