2025-04-24 08:57:36.481 [info] Extension host with pid 627 started
2025-04-24 08:57:36.545 [info] Lock '/home/huong/.vscode-server/data/User/workspaceStorage/208e18acddfdf20e276f2c13ed351060/vscode.lock': Lock acquired.
2025-04-24 08:57:36.921 [info] ExtensionService#_doActivateExtension vscode.emmet, startup: false, activationEvent: 'onLanguage'
2025-04-24 08:57:36.923 [info] ExtensionService#_doActivateExtension vscode.tunnel-forwarding, startup: false, activationEvent: 'onTunnel'
2025-04-24 08:57:36.923 [info] ExtensionService#_doActivateExtension vscode.html-language-features, startup: false, activationEvent: 'onLanguage:html'
2025-04-24 08:57:36.924 [info] ExtensionService#_doActivateExtension ms-python.python, startup: false, activationEvent: 'onLanguage:python', root cause: ms-python.debugpy
2025-04-24 08:57:38.451 [info] ExtensionService#_doActivateExtension vscode.git-base, startup: true, activationEvent: '*', root cause: vscode.git
2025-04-24 08:57:38.694 [info] ExtensionService#_doActivateExtension vscode.git, startup: true, activationEvent: '*'
2025-04-24 08:57:38.695 [info] ExtensionService#_doActivateExtension vscode.github, startup: true, activationEvent: '*'
2025-04-24 08:57:39.490 [info] ExtensionService#_doActivateExtension ms-python.debugpy, startup: false, activationEvent: 'onLanguage:python'
2025-04-24 08:57:39.491 [info] ExtensionService#_doActivateExtension ms-python.vscode-pylance, startup: false, activationEvent: 'onLanguage:python'
2025-04-24 08:57:40.961 [info] Eager extensions activated
2025-04-24 08:57:40.962 [info] ExtensionService#_doActivateExtension vscode.debug-auto-launch, startup: false, activationEvent: 'onStartupFinished'
2025-04-24 08:57:40.964 [info] ExtensionService#_doActivateExtension vscode.merge-conflict, startup: false, activationEvent: 'onStartupFinished'
2025-04-24 08:57:40.966 [info] ExtensionService#_doActivateExtension ZencoderAI.zencoder, startup: false, activationEvent: 'onStartupFinished'
2025-04-24 09:10:40.905 [info] ExtensionService#_doActivateExtension vscode.npm, startup: false, activationEvent: 'onTerminalQuickFixRequest:ms-vscode.npm-command'
2025-04-24 09:10:46.322 [info] ExtensionService#_doActivateExtension vscode.configuration-editing, startup: false, activationEvent: 'onLanguage:json'
2025-04-24 09:10:46.323 [info] ExtensionService#_doActivateExtension vscode.extension-editing, startup: false, activationEvent: 'onLanguage:json'
2025-04-24 09:10:46.323 [info] ExtensionService#_doActivateExtension vscode.json-language-features, startup: false, activationEvent: 'onLanguage:json'
2025-04-24 09:17:53.351 [info] ExtensionService#_doActivateExtension ms-azuretools.vscode-docker, startup: false, activationEvent: 'onView:dockerContainers'
2025-04-24 09:31:56.306 [info] Extension host terminating: received terminate message from renderer
2025-04-24 09:31:56.308 [info] Lock '/home/huong/.vscode-server/data/User/workspaceStorage/208e18acddfdf20e276f2c13ed351060/vscode.lock': Marking the lockfile as scheduled to be released in 6000 ms.
2025-04-24 09:31:57.015 [info] Extension host with pid 627 exiting with code 0
